{"C:\\Users\\T\\Documents\\Andela\\WayFarer\\WayFarer-v2\\server\\test\\admin.js":{"path":"C:\\Users\\T\\Documents\\Andela\\WayFarer\\WayFarer-v2\\server\\test\\admin.js","statementMap":{"0":{"start":{"line":3,"column":12},"end":{"line":3,"column":51}},"1":{"start":{"line":5,"column":13},"end":{"line":5,"column":63}},"2":{"start":{"line":7,"column":15},"end":{"line":7,"column":67}},"3":{"start":{"line":9,"column":39},"end":{"line":9,"column":95}},"4":{"start":{"line":12,"column":13},"end":{"line":12,"column":36}},"5":{"start":{"line":13,"column":12},"end":{"line":13,"column":35}},"6":{"start":{"line":14,"column":14},"end":{"line":14,"column":39}},"7":{"start":{"line":15,"column":11},"end":{"line":22,"column":1}},"8":{"start":{"line":23,"column":0},"end":{"line":23,"column":23}},"9":{"start":{"line":24,"column":0},"end":{"line":31,"column":3}},"10":{"start":{"line":25,"column":2},"end":{"line":27,"column":5}},"11":{"start":{"line":26,"column":4},"end":{"line":26,"column":42}},"12":{"start":{"line":28,"column":2},"end":{"line":30,"column":5}},"13":{"start":{"line":29,"column":4},"end":{"line":29,"column":67}},"14":{"start":{"line":32,"column":0},"end":{"line":32,"column":23}},"15":{"start":{"line":33,"column":0},"end":{"line":37,"column":3}},"16":{"start":{"line":34,"column":2},"end":{"line":36,"column":5}},"17":{"start":{"line":35,"column":4},"end":{"line":35,"column":59}}},"fnMap":{"0":{"name":"_interopRequireDefault","decl":{"start":{"line":9,"column":9},"end":{"line":9,"column":31}},"loc":{"start":{"line":9,"column":37},"end":{"line":9,"column":97}},"line":9},"1":{"name":"(anonymous_1)","decl":{"start":{"line":24,"column":29},"end":{"line":24,"column":30}},"loc":{"start":{"line":24,"column":41},"end":{"line":31,"column":1}},"line":24},"2":{"name":"(anonymous_2)","decl":{"start":{"line":25,"column":36},"end":{"line":25,"column":37}},"loc":{"start":{"line":25,"column":48},"end":{"line":27,"column":3}},"line":25},"3":{"name":"(anonymous_3)","decl":{"start":{"line":28,"column":45},"end":{"line":28,"column":46}},"loc":{"start":{"line":28,"column":57},"end":{"line":30,"column":3}},"line":28},"4":{"name":"(anonymous_4)","decl":{"start":{"line":33,"column":28},"end":{"line":33,"column":29}},"loc":{"start":{"line":33,"column":40},"end":{"line":37,"column":1}},"line":33},"5":{"name":"(anonymous_5)","decl":{"start":{"line":34,"column":46},"end":{"line":34,"column":47}},"loc":{"start":{"line":34,"column":58},"end":{"line":36,"column":3}},"line":34}},"branchMap":{"0":{"loc":{"start":{"line":9,"column":46},"end":{"line":9,"column":94}},"type":"cond-expr","locations":[{"start":{"line":9,"column":70},"end":{"line":9,"column":73}},{"start":{"line":9,"column":76},"end":{"line":9,"column":94}}],"line":9},"1":{"loc":{"start":{"line":9,"column":46},"end":{"line":9,"column":67}},"type":"binary-expr","locations":[{"start":{"line":9,"column":46},"end":{"line":9,"column":49}},{"start":{"line":9,"column":53},"end":{"line":9,"column":67}}],"line":9}},"s":{"0":1,"1":1,"2":1,"3":3,"4":1,"5":1,"6":1,"7":1,"8":1,"9":1,"10":1,"11":1,"12":1,"13":1,"14":1,"15":1,"16":1,"17":1},"f":{"0":3,"1":1,"2":1,"3":1,"4":1,"5":1},"b":{"0":[2,1],"1":[3,3]},"_coverageSchema":"43e27e138ebf9cfc5966b082cf9a028302ed4184","hash":"6133e7b478e037b44b69a3574051c41d4ecd2385","contentHash":"852cff0cd5d7925b040087e1ca755a25c7a219a860675881afd267435d059838"},"C:\\Users\\T\\Documents\\Andela\\WayFarer\\WayFarer-v2\\server\\models\\Admin.js":{"path":"C:\\Users\\T\\Documents\\Andela\\WayFarer\\WayFarer-v2\\server\\models\\Admin.js","statementMap":{"0":{"start":{"line":3,"column":0},"end":{"line":5,"column":3}},"1":{"start":{"line":6,"column":0},"end":{"line":6,"column":28}},"2":{"start":{"line":8,"column":13},"end":{"line":8,"column":54}},"3":{"start":{"line":10,"column":15},"end":{"line":10,"column":59}},"4":{"start":{"line":12,"column":39},"end":{"line":12,"column":95}},"5":{"start":{"line":14,"column":24},"end":{"line":14,"column":328}},"6":{"start":{"line":14,"column":99},"end":{"line":14,"column":154}},"7":{"start":{"line":14,"column":133},"end":{"line":14,"column":151}},"8":{"start":{"line":14,"column":164},"end":{"line":14,"column":326}},"9":{"start":{"line":14,"column":198},"end":{"line":14,"column":323}},"10":{"start":{"line":14,"column":329},"end":{"line":14,"column":349}},"11":{"start":{"line":16,"column":50},"end":{"line":16,"column":151}},"12":{"start":{"line":16,"column":92},"end":{"line":16,"column":149}},"13":{"start":{"line":18,"column":44},"end":{"line":18,"column":315}},"14":{"start":{"line":18,"column":57},"end":{"line":18,"column":58}},"15":{"start":{"line":18,"column":102},"end":{"line":18,"column":110}},"16":{"start":{"line":18,"column":112},"end":{"line":18,"column":167}},"17":{"start":{"line":18,"column":168},"end":{"line":18,"column":199}},"18":{"start":{"line":18,"column":200},"end":{"line":18,"column":254}},"19":{"start":{"line":18,"column":227},"end":{"line":18,"column":254}},"20":{"start":{"line":18,"column":255},"end":{"line":18,"column":313}},"21":{"start":{"line":20,"column":62},"end":{"line":20,"column":131}},"22":{"start":{"line":20,"column":78},"end":{"line":20,"column":131}},"23":{"start":{"line":20,"column":132},"end":{"line":20,"column":193}},"24":{"start":{"line":20,"column":149},"end":{"line":20,"column":193}},"25":{"start":{"line":20,"column":194},"end":{"line":20,"column":213}},"26":{"start":{"line":22,"column":50},"end":{"line":22,"column":138}},"27":{"start":{"line":22,"column":124},"end":{"line":22,"column":136}},"28":{"start":{"line":22,"column":139},"end":{"line":22,"column":175}},"29":{"start":{"line":24,"column":40},"end":{"line":24,"column":151}},"30":{"start":{"line":24,"column":63},"end":{"line":24,"column":149}},"31":{"start":{"line":24,"column":152},"end":{"line":24,"column":164}},"32":{"start":{"line":26,"column":30},"end":{"line":26,"column":176}},"33":{"start":{"line":26,"column":126},"end":{"line":26,"column":173}},"34":{"start":{"line":26,"column":177},"end":{"line":26,"column":203}},"35":{"start":{"line":28,"column":43},"end":{"line":28,"column":182}},"36":{"start":{"line":28,"column":106},"end":{"line":28,"column":180}},"37":{"start":{"line":28,"column":183},"end":{"line":28,"column":328}},"38":{"start":{"line":28,"column":329},"end":{"line":28,"column":383}},"39":{"start":{"line":28,"column":345},"end":{"line":28,"column":383}},"40":{"start":{"line":30,"column":33},"end":{"line":30,"column":138}},"41":{"start":{"line":30,"column":109},"end":{"line":30,"column":125}},"42":{"start":{"line":30,"column":126},"end":{"line":30,"column":135}},"43":{"start":{"line":30,"column":139},"end":{"line":30,"column":168}},"44":{"start":{"line":34,"column":0},"end":{"line":67,"column":20}},"45":{"start":{"line":35,"column":2},"end":{"line":35,"column":26}},"46":{"start":{"line":40,"column":4},"end":{"line":40,"column":33}},"47":{"start":{"line":42,"column":4},"end":{"line":42,"column":80}},"48":{"start":{"line":43,"column":4},"end":{"line":43,"column":20}},"49":{"start":{"line":44,"column":4},"end":{"line":44,"column":46}},"50":{"start":{"line":45,"column":4},"end":{"line":45,"column":17}},"51":{"start":{"line":48,"column":2},"end":{"line":64,"column":6}},"52":{"start":{"line":51,"column":6},"end":{"line":51,"column":33}},"53":{"start":{"line":52,"column":6},"end":{"line":52,"column":23}},"54":{"start":{"line":57,"column":6},"end":{"line":57,"column":36}},"55":{"start":{"line":62,"column":6},"end":{"line":62,"column":40}},"56":{"start":{"line":66,"column":2},"end":{"line":66,"column":15}},"57":{"start":{"line":69,"column":15},"end":{"line":69,"column":20}},"58":{"start":{"line":70,"column":0},"end":{"line":70,"column":30}}},"fnMap":{"0":{"name":"_interopRequireDefault","decl":{"start":{"line":12,"column":9},"end":{"line":12,"column":31}},"loc":{"start":{"line":12,"column":37},"end":{"line":12,"column":97}},"line":12},"1":{"name":"_typeof","decl":{"start":{"line":14,"column":9},"end":{"line":14,"column":16}},"loc":{"start":{"line":14,"column":22},"end":{"line":14,"column":351}},"line":14},"2":{"name":"_typeof","decl":{"start":{"line":14,"column":118},"end":{"line":14,"column":125}},"loc":{"start":{"line":14,"column":131},"end":{"line":14,"column":153}},"line":14},"3":{"name":"_typeof","decl":{"start":{"line":14,"column":183},"end":{"line":14,"column":190}},"loc":{"start":{"line":14,"column":196},"end":{"line":14,"column":325}},"line":14},"4":{"name":"_classCallCheck","decl":{"start":{"line":16,"column":9},"end":{"line":16,"column":24}},"loc":{"start":{"line":16,"column":48},"end":{"line":16,"column":153}},"line":16},"5":{"name":"_defineProperties","decl":{"start":{"line":18,"column":9},"end":{"line":18,"column":26}},"loc":{"start":{"line":18,"column":42},"end":{"line":18,"column":317}},"line":18},"6":{"name":"_createClass","decl":{"start":{"line":20,"column":9},"end":{"line":20,"column":21}},"loc":{"start":{"line":20,"column":60},"end":{"line":20,"column":215}},"line":20},"7":{"name":"_possibleConstructorReturn","decl":{"start":{"line":22,"column":9},"end":{"line":22,"column":35}},"loc":{"start":{"line":22,"column":48},"end":{"line":22,"column":177}},"line":22},"8":{"name":"_assertThisInitialized","decl":{"start":{"line":24,"column":9},"end":{"line":24,"column":31}},"loc":{"start":{"line":24,"column":38},"end":{"line":24,"column":166}},"line":24},"9":{"name":"_getPrototypeOf","decl":{"start":{"line":26,"column":9},"end":{"line":26,"column":24}},"loc":{"start":{"line":26,"column":28},"end":{"line":26,"column":205}},"line":26},"10":{"name":"_getPrototypeOf","decl":{"start":{"line":26,"column":105},"end":{"line":26,"column":120}},"loc":{"start":{"line":26,"column":124},"end":{"line":26,"column":175}},"line":26},"11":{"name":"_inherits","decl":{"start":{"line":28,"column":9},"end":{"line":28,"column":18}},"loc":{"start":{"line":28,"column":41},"end":{"line":28,"column":385}},"line":28},"12":{"name":"_setPrototypeOf","decl":{"start":{"line":30,"column":9},"end":{"line":30,"column":24}},"loc":{"start":{"line":30,"column":31},"end":{"line":30,"column":170}},"line":30},"13":{"name":"_setPrototypeOf","decl":{"start":{"line":30,"column":85},"end":{"line":30,"column":100}},"loc":{"start":{"line":30,"column":107},"end":{"line":30,"column":137}},"line":30},"14":{"name":"(anonymous_14)","decl":{"start":{"line":34,"column":0},"end":{"line":34,"column":1}},"loc":{"start":{"line":34,"column":17},"end":{"line":67,"column":1}},"line":34},"15":{"name":"Admin","decl":{"start":{"line":37,"column":11},"end":{"line":37,"column":16}},"loc":{"start":{"line":37,"column":19},"end":{"line":46,"column":3}},"line":37},"16":{"name":"createTrip","decl":{"start":{"line":50,"column":20},"end":{"line":50,"column":30}},"loc":{"start":{"line":50,"column":37},"end":{"line":53,"column":5}},"line":50},"17":{"name":"cancelTrip","decl":{"start":{"line":56,"column":20},"end":{"line":56,"column":30}},"loc":{"start":{"line":56,"column":37},"end":{"line":58,"column":5}},"line":56},"18":{"name":"viewBookings","decl":{"start":{"line":61,"column":20},"end":{"line":61,"column":32}},"loc":{"start":{"line":61,"column":35},"end":{"line":63,"column":5}},"line":61}},"branchMap":{"0":{"loc":{"start":{"line":12,"column":46},"end":{"line":12,"column":94}},"type":"cond-expr","locations":[{"start":{"line":12,"column":70},"end":{"line":12,"column":73}},{"start":{"line":12,"column":76},"end":{"line":12,"column":94}}],"line":12},"1":{"loc":{"start":{"line":12,"column":46},"end":{"line":12,"column":67}},"type":"binary-expr","locations":[{"start":{"line":12,"column":46},"end":{"line":12,"column":49}},{"start":{"line":12,"column":53},"end":{"line":12,"column":67}}],"line":12},"2":{"loc":{"start":{"line":14,"column":24},"end":{"line":14,"column":328}},"type":"if","locations":[{"start":{"line":14,"column":24},"end":{"line":14,"column":328}},{"start":{"line":14,"column":24},"end":{"line":14,"column":328}}],"line":14},"3":{"loc":{"start":{"line":14,"column":28},"end":{"line":14,"column":95}},"type":"binary-expr","locations":[{"start":{"line":14,"column":28},"end":{"line":14,"column":56}},{"start":{"line":14,"column":60},"end":{"line":14,"column":95}}],"line":14},"4":{"loc":{"start":{"line":14,"column":205},"end":{"line":14,"column":322}},"type":"cond-expr","locations":[{"start":{"line":14,"column":301},"end":{"line":14,"column":309}},{"start":{"line":14,"column":312},"end":{"line":14,"column":322}}],"line":14},"5":{"loc":{"start":{"line":14,"column":205},"end":{"line":14,"column":298}},"type":"binary-expr","locations":[{"start":{"line":14,"column":205},"end":{"line":14,"column":208}},{"start":{"line":14,"column":212},"end":{"line":14,"column":240}},{"start":{"line":14,"column":244},"end":{"line":14,"column":270}},{"start":{"line":14,"column":274},"end":{"line":14,"column":298}}],"line":14},"6":{"loc":{"start":{"line":16,"column":50},"end":{"line":16,"column":151}},"type":"if","locations":[{"start":{"line":16,"column":50},"end":{"line":16,"column":151}},{"start":{"line":16,"column":50},"end":{"line":16,"column":151}}],"line":16},"7":{"loc":{"start":{"line":18,"column":136},"end":{"line":18,"column":166}},"type":"binary-expr","locations":[{"start":{"line":18,"column":136},"end":{"line":18,"column":157}},{"start":{"line":18,"column":161},"end":{"line":18,"column":166}}],"line":18},"8":{"loc":{"start":{"line":18,"column":200},"end":{"line":18,"column":254}},"type":"if","locations":[{"start":{"line":18,"column":200},"end":{"line":18,"column":254}},{"start":{"line":18,"column":200},"end":{"line":18,"column":254}}],"line":18},"9":{"loc":{"start":{"line":20,"column":62},"end":{"line":20,"column":131}},"type":"if","locations":[{"start":{"line":20,"column":62},"end":{"line":20,"column":131}},{"start":{"line":20,"column":62},"end":{"line":20,"column":131}}],"line":20},"10":{"loc":{"start":{"line":20,"column":132},"end":{"line":20,"column":193}},"type":"if","locations":[{"start":{"line":20,"column":132},"end":{"line":20,"column":193}},{"start":{"line":20,"column":132},"end":{"line":20,"column":193}}],"line":20},"11":{"loc":{"start":{"line":22,"column":50},"end":{"line":22,"column":138}},"type":"if","locations":[{"start":{"line":22,"column":50},"end":{"line":22,"column":138}},{"start":{"line":22,"column":50},"end":{"line":22,"column":138}}],"line":22},"12":{"loc":{"start":{"line":22,"column":54},"end":{"line":22,"column":120}},"type":"binary-expr","locations":[{"start":{"line":22,"column":54},"end":{"line":22,"column":58}},{"start":{"line":22,"column":63},"end":{"line":22,"column":89}},{"start":{"line":22,"column":93},"end":{"line":22,"column":119}}],"line":22},"13":{"loc":{"start":{"line":24,"column":40},"end":{"line":24,"column":151}},"type":"if","locations":[{"start":{"line":24,"column":40},"end":{"line":24,"column":151}},{"start":{"line":24,"column":40},"end":{"line":24,"column":151}}],"line":24},"14":{"loc":{"start":{"line":26,"column":48},"end":{"line":26,"column":175}},"type":"cond-expr","locations":[{"start":{"line":26,"column":72},"end":{"line":26,"column":93}},{"start":{"line":26,"column":96},"end":{"line":26,"column":175}}],"line":26},"15":{"loc":{"start":{"line":26,"column":133},"end":{"line":26,"column":172}},"type":"binary-expr","locations":[{"start":{"line":26,"column":133},"end":{"line":26,"column":144}},{"start":{"line":26,"column":148},"end":{"line":26,"column":172}}],"line":26},"16":{"loc":{"start":{"line":28,"column":43},"end":{"line":28,"column":182}},"type":"if","locations":[{"start":{"line":28,"column":43},"end":{"line":28,"column":182}},{"start":{"line":28,"column":43},"end":{"line":28,"column":182}}],"line":28},"17":{"loc":{"start":{"line":28,"column":47},"end":{"line":28,"column":102}},"type":"binary-expr","locations":[{"start":{"line":28,"column":47},"end":{"line":28,"column":79}},{"start":{"line":28,"column":83},"end":{"line":28,"column":102}}],"line":28},"18":{"loc":{"start":{"line":28,"column":218},"end":{"line":28,"column":252}},"type":"binary-expr","locations":[{"start":{"line":28,"column":218},"end":{"line":28,"column":228}},{"start":{"line":28,"column":232},"end":{"line":28,"column":252}}],"line":28},"19":{"loc":{"start":{"line":28,"column":329},"end":{"line":28,"column":383}},"type":"if","locations":[{"start":{"line":28,"column":329},"end":{"line":28,"column":383}},{"start":{"line":28,"column":329},"end":{"line":28,"column":383}}],"line":28},"20":{"loc":{"start":{"line":30,"column":51},"end":{"line":30,"column":137}},"type":"binary-expr","locations":[{"start":{"line":30,"column":51},"end":{"line":30,"column":72}},{"start":{"line":30,"column":76},"end":{"line":30,"column":137}}],"line":30}},"s":{"0":1,"1":1,"2":1,"3":1,"4":2,"5":0,"6":0,"7":0,"8":0,"9":0,"10":0,"11":1,"12":0,"13":1,"14":1,"15":3,"16":3,"17":3,"18":3,"19":3,"20":3,"21":1,"22":1,"23":1,"24":0,"25":1,"26":1,"27":0,"28":1,"29":1,"30":0,"31":1,"32":1,"33":0,"34":1,"35":1,"36":0,"37":1,"38":1,"39":1,"40":1,"41":0,"42":0,"43":1,"44":1,"45":1,"46":1,"47":1,"48":1,"49":1,"50":1,"51":1,"52":1,"53":1,"54":1,"55":0,"56":1,"57":1,"58":1},"f":{"0":2,"1":0,"2":0,"3":0,"4":1,"5":1,"6":1,"7":1,"8":1,"9":1,"10":0,"11":1,"12":1,"13":0,"14":1,"15":1,"16":1,"17":1,"18":0},"b":{"0":[2,0],"1":[2,2],"2":[0,0],"3":[0,0],"4":[0,0],"5":[0,0,0,0],"6":[0,1],"7":[3,3],"8":[3,0],"9":[1,0],"10":[0,1],"11":[0,1],"12":[1,0,0],"13":[0,1],"14":[1,0],"15":[0,0],"16":[0,1],"17":[1,0],"18":[1,1],"19":[1,0],"20":[1,0]},"_coverageSchema":"43e27e138ebf9cfc5966b082cf9a028302ed4184","hash":"9967a48f41685c747c7ead2381bcf75c6475cf5e","contentHash":"a959c87b34adf7fa877cb779f10d3f94e59899eea116b8ebb92187f34eb22602"},"C:\\Users\\T\\Documents\\Andela\\WayFarer\\WayFarer-v2\\server\\models\\User.js":{"path":"C:\\Users\\T\\Documents\\Andela\\WayFarer\\WayFarer-v2\\server\\models\\User.js","statementMap":{"0":{"start":{"line":3,"column":0},"end":{"line":5,"column":3}},"1":{"start":{"line":6,"column":0},"end":{"line":6,"column":28}},"2":{"start":{"line":8,"column":15},"end":{"line":8,"column":59}},"3":{"start":{"line":10,"column":12},"end":{"line":10,"column":38}},"4":{"start":{"line":12,"column":39},"end":{"line":12,"column":95}},"5":{"start":{"line":14,"column":50},"end":{"line":14,"column":151}},"6":{"start":{"line":14,"column":92},"end":{"line":14,"column":149}},"7":{"start":{"line":16,"column":44},"end":{"line":16,"column":315}},"8":{"start":{"line":16,"column":57},"end":{"line":16,"column":58}},"9":{"start":{"line":16,"column":102},"end":{"line":16,"column":110}},"10":{"start":{"line":16,"column":112},"end":{"line":16,"column":167}},"11":{"start":{"line":16,"column":168},"end":{"line":16,"column":199}},"12":{"start":{"line":16,"column":200},"end":{"line":16,"column":254}},"13":{"start":{"line":16,"column":227},"end":{"line":16,"column":254}},"14":{"start":{"line":16,"column":255},"end":{"line":16,"column":313}},"15":{"start":{"line":18,"column":62},"end":{"line":18,"column":131}},"16":{"start":{"line":18,"column":78},"end":{"line":18,"column":131}},"17":{"start":{"line":18,"column":132},"end":{"line":18,"column":193}},"18":{"start":{"line":18,"column":149},"end":{"line":18,"column":193}},"19":{"start":{"line":18,"column":194},"end":{"line":18,"column":213}},"20":{"start":{"line":22,"column":0},"end":{"line":116,"column":3}},"21":{"start":{"line":24,"column":4},"end":{"line":24,"column":32}},"22":{"start":{"line":26,"column":4},"end":{"line":26,"column":19}},"23":{"start":{"line":27,"column":4},"end":{"line":27,"column":27}},"24":{"start":{"line":28,"column":4},"end":{"line":28,"column":26}},"25":{"start":{"line":29,"column":4},"end":{"line":29,"column":22}},"26":{"start":{"line":30,"column":4},"end":{"line":30,"column":21}},"27":{"start":{"line":31,"column":4},"end":{"line":31,"column":25}},"28":{"start":{"line":32,"column":4},"end":{"line":32,"column":45}},"29":{"start":{"line":33,"column":4},"end":{"line":33,"column":22}},"30":{"start":{"line":36,"column":2},"end":{"line":113,"column":6}},"31":{"start":{"line":39,"column":20},"end":{"line":39,"column":27}},"32":{"start":{"line":40,"column":15},"end":{"line":40,"column":69}},"33":{"start":{"line":41,"column":18},"end":{"line":41,"column":28}},"34":{"start":{"line":42,"column":23},"end":{"line":42,"column":38}},"35":{"start":{"line":43,"column":22},"end":{"line":43,"column":36}},"36":{"start":{"line":44,"column":21},"end":{"line":44,"column":34}},"37":{"start":{"line":45,"column":21},"end":{"line":45,"column":34}},"38":{"start":{"line":46,"column":6},"end":{"line":46,"column":19}},"39":{"start":{"line":47,"column":6},"end":{"line":47,"column":25}},"40":{"start":{"line":48,"column":6},"end":{"line":48,"column":35}},"41":{"start":{"line":49,"column":6},"end":{"line":49,"column":33}},"42":{"start":{"line":50,"column":6},"end":{"line":50,"column":27}},"43":{"start":{"line":51,"column":6},"end":{"line":51,"column":31}},"44":{"start":{"line":56,"column":6},"end":{"line":63,"column":8}},"45":{"start":{"line":68,"column":6},"end":{"line":68,"column":25}},"46":{"start":{"line":69,"column":6},"end":{"line":69,"column":43}},"47":{"start":{"line":74,"column":18},"end":{"line":74,"column":41}},"48":{"start":{"line":75,"column":6},"end":{"line":75,"column":44}},"49":{"start":{"line":76,"column":26},"end":{"line":76,"column":38}},"50":{"start":{"line":78,"column":6},"end":{"line":84,"column":7}},"51":{"start":{"line":78,"column":19},"end":{"line":78,"column":20}},"52":{"start":{"line":79,"column":8},"end":{"line":83,"column":9}},"53":{"start":{"line":80,"column":10},"end":{"line":82,"column":11}},"54":{"start":{"line":81,"column":12},"end":{"line":81,"column":28}},"55":{"start":{"line":86,"column":6},"end":{"line":86,"column":18}},"56":{"start":{"line":94,"column":17},"end":{"line":94,"column":48}},"57":{"start":{"line":96,"column":6},"end":{"line":104,"column":7}},"58":{"start":{"line":97,"column":8},"end":{"line":97,"column":26}},"59":{"start":{"line":98,"column":8},"end":{"line":98,"column":42}},"60":{"start":{"line":99,"column":8},"end":{"line":99,"column":40}},"61":{"start":{"line":100,"column":8},"end":{"line":100,"column":32}},"62":{"start":{"line":101,"column":8},"end":{"line":101,"column":34}},"63":{"start":{"line":102,"column":8},"end":{"line":102,"column":38}},"64":{"start":{"line":103,"column":8},"end":{"line":103,"column":20}},"65":{"start":{"line":106,"column":6},"end":{"line":106,"column":19}},"66":{"start":{"line":111,"column":6},"end":{"line":111,"column":37}},"67":{"start":{"line":115,"column":2},"end":{"line":115,"column":14}},"68":{"start":{"line":118,"column":15},"end":{"line":118,"column":19}},"69":{"start":{"line":119,"column":0},"end":{"line":119,"column":30}}},"fnMap":{"0":{"name":"_interopRequireDefault","decl":{"start":{"line":12,"column":9},"end":{"line":12,"column":31}},"loc":{"start":{"line":12,"column":37},"end":{"line":12,"column":97}},"line":12},"1":{"name":"_classCallCheck","decl":{"start":{"line":14,"column":9},"end":{"line":14,"column":24}},"loc":{"start":{"line":14,"column":48},"end":{"line":14,"column":153}},"line":14},"2":{"name":"_defineProperties","decl":{"start":{"line":16,"column":9},"end":{"line":16,"column":26}},"loc":{"start":{"line":16,"column":42},"end":{"line":16,"column":317}},"line":16},"3":{"name":"_createClass","decl":{"start":{"line":18,"column":9},"end":{"line":18,"column":21}},"loc":{"start":{"line":18,"column":60},"end":{"line":18,"column":215}},"line":18},"4":{"name":"(anonymous_4)","decl":{"start":{"line":22,"column":0},"end":{"line":22,"column":1}},"loc":{"start":{"line":22,"column":12},"end":{"line":116,"column":1}},"line":22},"5":{"name":"User","decl":{"start":{"line":23,"column":11},"end":{"line":23,"column":15}},"loc":{"start":{"line":23,"column":18},"end":{"line":34,"column":3}},"line":23},"6":{"name":"setUser","decl":{"start":{"line":38,"column":20},"end":{"line":38,"column":27}},"loc":{"start":{"line":38,"column":34},"end":{"line":52,"column":5}},"line":38},"7":{"name":"getUser","decl":{"start":{"line":55,"column":20},"end":{"line":55,"column":27}},"loc":{"start":{"line":55,"column":30},"end":{"line":64,"column":5}},"line":55},"8":{"name":"signup","decl":{"start":{"line":67,"column":20},"end":{"line":67,"column":26}},"loc":{"start":{"line":67,"column":33},"end":{"line":70,"column":5}},"line":67},"9":{"name":"matchUser","decl":{"start":{"line":73,"column":20},"end":{"line":73,"column":29}},"loc":{"start":{"line":73,"column":47},"end":{"line":87,"column":5}},"line":73},"10":{"name":"signin","decl":{"start":{"line":93,"column":20},"end":{"line":93,"column":26}},"loc":{"start":{"line":93,"column":44},"end":{"line":107,"column":5}},"line":93},"11":{"name":"viewTrips","decl":{"start":{"line":110,"column":20},"end":{"line":110,"column":29}},"loc":{"start":{"line":110,"column":32},"end":{"line":112,"column":5}},"line":110}},"branchMap":{"0":{"loc":{"start":{"line":12,"column":46},"end":{"line":12,"column":94}},"type":"cond-expr","locations":[{"start":{"line":12,"column":70},"end":{"line":12,"column":73}},{"start":{"line":12,"column":76},"end":{"line":12,"column":94}}],"line":12},"1":{"loc":{"start":{"line":12,"column":46},"end":{"line":12,"column":67}},"type":"binary-expr","locations":[{"start":{"line":12,"column":46},"end":{"line":12,"column":49}},{"start":{"line":12,"column":53},"end":{"line":12,"column":67}}],"line":12},"2":{"loc":{"start":{"line":14,"column":50},"end":{"line":14,"column":151}},"type":"if","locations":[{"start":{"line":14,"column":50},"end":{"line":14,"column":151}},{"start":{"line":14,"column":50},"end":{"line":14,"column":151}}],"line":14},"3":{"loc":{"start":{"line":16,"column":136},"end":{"line":16,"column":166}},"type":"binary-expr","locations":[{"start":{"line":16,"column":136},"end":{"line":16,"column":157}},{"start":{"line":16,"column":161},"end":{"line":16,"column":166}}],"line":16},"4":{"loc":{"start":{"line":16,"column":200},"end":{"line":16,"column":254}},"type":"if","locations":[{"start":{"line":16,"column":200},"end":{"line":16,"column":254}},{"start":{"line":16,"column":200},"end":{"line":16,"column":254}}],"line":16},"5":{"loc":{"start":{"line":18,"column":62},"end":{"line":18,"column":131}},"type":"if","locations":[{"start":{"line":18,"column":62},"end":{"line":18,"column":131}},{"start":{"line":18,"column":62},"end":{"line":18,"column":131}}],"line":18},"6":{"loc":{"start":{"line":18,"column":132},"end":{"line":18,"column":193}},"type":"if","locations":[{"start":{"line":18,"column":132},"end":{"line":18,"column":193}},{"start":{"line":18,"column":132},"end":{"line":18,"column":193}}],"line":18},"7":{"loc":{"start":{"line":40,"column":15},"end":{"line":40,"column":69}},"type":"cond-expr","locations":[{"start":{"line":40,"column":36},"end":{"line":40,"column":59}},{"start":{"line":40,"column":62},"end":{"line":40,"column":69}}],"line":40},"8":{"loc":{"start":{"line":79,"column":8},"end":{"line":83,"column":9}},"type":"if","locations":[{"start":{"line":79,"column":8},"end":{"line":83,"column":9}},{"start":{"line":79,"column":8},"end":{"line":83,"column":9}}],"line":79},"9":{"loc":{"start":{"line":80,"column":10},"end":{"line":82,"column":11}},"type":"if","locations":[{"start":{"line":80,"column":10},"end":{"line":82,"column":11}},{"start":{"line":80,"column":10},"end":{"line":82,"column":11}}],"line":80},"10":{"loc":{"start":{"line":96,"column":6},"end":{"line":104,"column":7}},"type":"if","locations":[{"start":{"line":96,"column":6},"end":{"line":104,"column":7}},{"start":{"line":96,"column":6},"end":{"line":104,"column":7}}],"line":96}},"s":{"0":1,"1":1,"2":1,"3":1,"4":1,"5":2,"6":0,"7":1,"8":1,"9":6,"10":6,"11":6,"12":6,"13":6,"14":6,"15":1,"16":1,"17":1,"18":0,"19":1,"20":1,"21":2,"22":2,"23":2,"24":2,"25":2,"26":2,"27":2,"28":2,"29":2,"30":1,"31":1,"32":1,"33":1,"34":1,"35":1,"36":1,"37":1,"38":1,"39":1,"40":1,"41":1,"42":1,"43":1,"44":2,"45":1,"46":1,"47":2,"48":2,"49":2,"50":2,"51":2,"52":2,"53":1,"54":0,"55":2,"56":2,"57":2,"58":0,"59":0,"60":0,"61":0,"62":0,"63":0,"64":0,"65":2,"66":0,"67":1,"68":1,"69":1},"f":{"0":1,"1":2,"2":1,"3":1,"4":1,"5":2,"6":1,"7":2,"8":1,"9":2,"10":2,"11":0},"b":{"0":[1,0],"1":[1,1],"2":[0,2],"3":[6,6],"4":[6,0],"5":[1,0],"6":[0,1],"7":[0,1],"8":[1,1],"9":[0,1],"10":[0,2]},"_coverageSchema":"43e27e138ebf9cfc5966b082cf9a028302ed4184","hash":"d6cd5ff7ac06742fae43294db7cc3247ea141f36","contentHash":"15f04e8709eae777587805d29ab1e59d95379826c448131dbd9a88cea8d55c12"},"C:\\Users\\T\\Documents\\Andela\\WayFarer\\WayFarer-v2\\server\\models\\Storage.js":{"path":"C:\\Users\\T\\Documents\\Andela\\WayFarer\\WayFarer-v2\\server\\models\\Storage.js","statementMap":{"0":{"start":{"line":3,"column":0},"end":{"line":5,"column":3}},"1":{"start":{"line":6,"column":0},"end":{"line":6,"column":28}},"2":{"start":{"line":8,"column":50},"end":{"line":8,"column":151}},"3":{"start":{"line":8,"column":92},"end":{"line":8,"column":149}},"4":{"start":{"line":10,"column":44},"end":{"line":10,"column":315}},"5":{"start":{"line":10,"column":57},"end":{"line":10,"column":58}},"6":{"start":{"line":10,"column":102},"end":{"line":10,"column":110}},"7":{"start":{"line":10,"column":112},"end":{"line":10,"column":167}},"8":{"start":{"line":10,"column":168},"end":{"line":10,"column":199}},"9":{"start":{"line":10,"column":200},"end":{"line":10,"column":254}},"10":{"start":{"line":10,"column":227},"end":{"line":10,"column":254}},"11":{"start":{"line":10,"column":255},"end":{"line":10,"column":313}},"12":{"start":{"line":12,"column":62},"end":{"line":12,"column":131}},"13":{"start":{"line":12,"column":78},"end":{"line":12,"column":131}},"14":{"start":{"line":12,"column":132},"end":{"line":12,"column":193}},"15":{"start":{"line":12,"column":149},"end":{"line":12,"column":193}},"16":{"start":{"line":12,"column":194},"end":{"line":12,"column":213}},"17":{"start":{"line":17,"column":0},"end":{"line":120,"column":3}},"18":{"start":{"line":19,"column":4},"end":{"line":19,"column":35}},"19":{"start":{"line":21,"column":4},"end":{"line":21,"column":20}},"20":{"start":{"line":22,"column":4},"end":{"line":22,"column":20}},"21":{"start":{"line":23,"column":4},"end":{"line":23,"column":23}},"22":{"start":{"line":26,"column":2},"end":{"line":117,"column":6}},"23":{"start":{"line":29,"column":6},"end":{"line":29,"column":28}},"24":{"start":{"line":34,"column":6},"end":{"line":34,"column":28}},"25":{"start":{"line":39,"column":6},"end":{"line":39,"column":34}},"26":{"start":{"line":44,"column":6},"end":{"line":44,"column":24}},"27":{"start":{"line":49,"column":6},"end":{"line":49,"column":65}},"28":{"start":{"line":50,"column":26},"end":{"line":50,"column":43}},"29":{"start":{"line":52,"column":6},"end":{"line":58,"column":7}},"30":{"start":{"line":52,"column":19},"end":{"line":52,"column":20}},"31":{"start":{"line":53,"column":8},"end":{"line":57,"column":9}},"32":{"start":{"line":54,"column":10},"end":{"line":56,"column":11}},"33":{"start":{"line":55,"column":12},"end":{"line":55,"column":33}},"34":{"start":{"line":60,"column":6},"end":{"line":60,"column":18}},"35":{"start":{"line":65,"column":6},"end":{"line":65,"column":24}},"36":{"start":{"line":70,"column":6},"end":{"line":72,"column":9}},"37":{"start":{"line":71,"column":8},"end":{"line":71,"column":35}},"38":{"start":{"line":77,"column":6},"end":{"line":77,"column":27}},"39":{"start":{"line":82,"column":22},"end":{"line":82,"column":46}},"40":{"start":{"line":83,"column":6},"end":{"line":83,"column":38}},"41":{"start":{"line":88,"column":6},"end":{"line":88,"column":48}},"42":{"start":{"line":93,"column":26},"end":{"line":93,"column":43}},"43":{"start":{"line":95,"column":6},"end":{"line":99,"column":7}},"44":{"start":{"line":95,"column":19},"end":{"line":95,"column":20}},"45":{"start":{"line":96,"column":8},"end":{"line":98,"column":9}},"46":{"start":{"line":97,"column":10},"end":{"line":97,"column":31}},"47":{"start":{"line":101,"column":6},"end":{"line":101,"column":19}},"48":{"start":{"line":106,"column":26},"end":{"line":106,"column":43}},"49":{"start":{"line":107,"column":6},"end":{"line":107,"column":61}},"50":{"start":{"line":109,"column":6},"end":{"line":113,"column":7}},"51":{"start":{"line":109,"column":19},"end":{"line":109,"column":20}},"52":{"start":{"line":110,"column":8},"end":{"line":112,"column":9}},"53":{"start":{"line":111,"column":10},"end":{"line":111,"column":31}},"54":{"start":{"line":115,"column":6},"end":{"line":115,"column":18}},"55":{"start":{"line":119,"column":2},"end":{"line":119,"column":17}},"56":{"start":{"line":122,"column":15},"end":{"line":122,"column":22}},"57":{"start":{"line":123,"column":0},"end":{"line":123,"column":30}}},"fnMap":{"0":{"name":"_classCallCheck","decl":{"start":{"line":8,"column":9},"end":{"line":8,"column":24}},"loc":{"start":{"line":8,"column":48},"end":{"line":8,"column":153}},"line":8},"1":{"name":"_defineProperties","decl":{"start":{"line":10,"column":9},"end":{"line":10,"column":26}},"loc":{"start":{"line":10,"column":42},"end":{"line":10,"column":317}},"line":10},"2":{"name":"_createClass","decl":{"start":{"line":12,"column":9},"end":{"line":12,"column":21}},"loc":{"start":{"line":12,"column":60},"end":{"line":12,"column":215}},"line":12},"3":{"name":"(anonymous_3)","decl":{"start":{"line":17,"column":0},"end":{"line":17,"column":1}},"loc":{"start":{"line":17,"column":12},"end":{"line":120,"column":1}},"line":17},"4":{"name":"Storage","decl":{"start":{"line":18,"column":11},"end":{"line":18,"column":18}},"loc":{"start":{"line":18,"column":21},"end":{"line":24,"column":3}},"line":18},"5":{"name":"addUser","decl":{"start":{"line":28,"column":20},"end":{"line":28,"column":27}},"loc":{"start":{"line":28,"column":34},"end":{"line":30,"column":5}},"line":28},"6":{"name":"addTrip","decl":{"start":{"line":33,"column":20},"end":{"line":33,"column":27}},"loc":{"start":{"line":33,"column":34},"end":{"line":35,"column":5}},"line":33},"7":{"name":"addBooking","decl":{"start":{"line":38,"column":20},"end":{"line":38,"column":30}},"loc":{"start":{"line":38,"column":40},"end":{"line":40,"column":5}},"line":38},"8":{"name":"getUsers","decl":{"start":{"line":43,"column":20},"end":{"line":43,"column":28}},"loc":{"start":{"line":43,"column":31},"end":{"line":45,"column":5}},"line":43},"9":{"name":"findUser","decl":{"start":{"line":48,"column":20},"end":{"line":48,"column":28}},"loc":{"start":{"line":48,"column":46},"end":{"line":61,"column":5}},"line":48},"10":{"name":"getTrips","decl":{"start":{"line":64,"column":20},"end":{"line":64,"column":28}},"loc":{"start":{"line":64,"column":31},"end":{"line":66,"column":5}},"line":64},"11":{"name":"getTrip","decl":{"start":{"line":69,"column":20},"end":{"line":69,"column":27}},"loc":{"start":{"line":69,"column":37},"end":{"line":73,"column":5}},"line":69},"12":{"name":"(anonymous_12)","decl":{"start":{"line":70,"column":22},"end":{"line":70,"column":23}},"loc":{"start":{"line":70,"column":38},"end":{"line":72,"column":7}},"line":70},"13":{"name":"getBookings","decl":{"start":{"line":76,"column":20},"end":{"line":76,"column":31}},"loc":{"start":{"line":76,"column":34},"end":{"line":78,"column":5}},"line":76},"14":{"name":"cancelTrip","decl":{"start":{"line":81,"column":20},"end":{"line":81,"column":30}},"loc":{"start":{"line":81,"column":37},"end":{"line":84,"column":5}},"line":81},"15":{"name":"cancelBooking","decl":{"start":{"line":87,"column":20},"end":{"line":87,"column":33}},"loc":{"start":{"line":87,"column":52},"end":{"line":89,"column":5}},"line":87},"16":{"name":"findTrip","decl":{"start":{"line":92,"column":20},"end":{"line":92,"column":28}},"loc":{"start":{"line":92,"column":37},"end":{"line":102,"column":5}},"line":92},"17":{"name":"matchUserByEmail","decl":{"start":{"line":105,"column":20},"end":{"line":105,"column":36}},"loc":{"start":{"line":105,"column":44},"end":{"line":116,"column":5}},"line":105}},"branchMap":{"0":{"loc":{"start":{"line":8,"column":50},"end":{"line":8,"column":151}},"type":"if","locations":[{"start":{"line":8,"column":50},"end":{"line":8,"column":151}},{"start":{"line":8,"column":50},"end":{"line":8,"column":151}}],"line":8},"1":{"loc":{"start":{"line":10,"column":136},"end":{"line":10,"column":166}},"type":"binary-expr","locations":[{"start":{"line":10,"column":136},"end":{"line":10,"column":157}},{"start":{"line":10,"column":161},"end":{"line":10,"column":166}}],"line":10},"2":{"loc":{"start":{"line":10,"column":200},"end":{"line":10,"column":254}},"type":"if","locations":[{"start":{"line":10,"column":200},"end":{"line":10,"column":254}},{"start":{"line":10,"column":200},"end":{"line":10,"column":254}}],"line":10},"3":{"loc":{"start":{"line":12,"column":62},"end":{"line":12,"column":131}},"type":"if","locations":[{"start":{"line":12,"column":62},"end":{"line":12,"column":131}},{"start":{"line":12,"column":62},"end":{"line":12,"column":131}}],"line":12},"4":{"loc":{"start":{"line":12,"column":132},"end":{"line":12,"column":193}},"type":"if","locations":[{"start":{"line":12,"column":132},"end":{"line":12,"column":193}},{"start":{"line":12,"column":132},"end":{"line":12,"column":193}}],"line":12},"5":{"loc":{"start":{"line":53,"column":8},"end":{"line":57,"column":9}},"type":"if","locations":[{"start":{"line":53,"column":8},"end":{"line":57,"column":9}},{"start":{"line":53,"column":8},"end":{"line":57,"column":9}}],"line":53},"6":{"loc":{"start":{"line":54,"column":10},"end":{"line":56,"column":11}},"type":"if","locations":[{"start":{"line":54,"column":10},"end":{"line":56,"column":11}},{"start":{"line":54,"column":10},"end":{"line":56,"column":11}}],"line":54},"7":{"loc":{"start":{"line":96,"column":8},"end":{"line":98,"column":9}},"type":"if","locations":[{"start":{"line":96,"column":8},"end":{"line":98,"column":9}},{"start":{"line":96,"column":8},"end":{"line":98,"column":9}}],"line":96},"8":{"loc":{"start":{"line":110,"column":8},"end":{"line":112,"column":9}},"type":"if","locations":[{"start":{"line":110,"column":8},"end":{"line":112,"column":9}},{"start":{"line":110,"column":8},"end":{"line":112,"column":9}}],"line":110}},"s":{"0":1,"1":1,"2":9,"3":0,"4":1,"5":1,"6":12,"7":12,"8":12,"9":12,"10":12,"11":12,"12":1,"13":1,"14":1,"15":0,"16":1,"17":1,"18":9,"19":9,"20":9,"21":9,"22":1,"23":1,"24":1,"25":1,"26":2,"27":0,"28":0,"29":0,"30":0,"31":0,"32":0,"33":0,"34":0,"35":0,"36":0,"37":0,"38":0,"39":1,"40":1,"41":1,"42":0,"43":0,"44":0,"45":0,"46":0,"47":0,"48":0,"49":0,"50":0,"51":0,"52":0,"53":0,"54":0,"55":1,"56":1,"57":1},"f":{"0":9,"1":1,"2":1,"3":1,"4":9,"5":1,"6":1,"7":1,"8":2,"9":0,"10":0,"11":0,"12":0,"13":0,"14":1,"15":1,"16":0,"17":0},"b":{"0":[0,9],"1":[12,12],"2":[12,0],"3":[1,0],"4":[0,1],"5":[0,0],"6":[0,0],"7":[0,0],"8":[0,0]},"_coverageSchema":"43e27e138ebf9cfc5966b082cf9a028302ed4184","hash":"342de773e72168c0a442ef164b21bc956889d508","contentHash":"a0191d7e567761b6bb22c216e443765e35845268e8109367efce3d0864665c2f"},"C:\\Users\\T\\Documents\\Andela\\WayFarer\\WayFarer-v2\\server\\helpers\\util.js":{"path":"C:\\Users\\T\\Documents\\Andela\\WayFarer\\WayFarer-v2\\server\\helpers\\util.js","statementMap":{"0":{"start":{"line":3,"column":0},"end":{"line":5,"column":3}},"1":{"start":{"line":6,"column":0},"end":{"line":6,"column":74}},"2":{"start":{"line":8,"column":20},"end":{"line":8,"column":67}},"3":{"start":{"line":10,"column":39},"end":{"line":10,"column":95}},"4":{"start":{"line":12,"column":17},"end":{"line":14,"column":1}},"5":{"start":{"line":13,"column":2},"end":{"line":13,"column":42}},"6":{"start":{"line":16,"column":0},"end":{"line":16,"column":32}},"7":{"start":{"line":18,"column":20},"end":{"line":23,"column":1}},"8":{"start":{"line":19,"column":19},"end":{"line":19,"column":31}},"9":{"start":{"line":20,"column":2},"end":{"line":22,"column":5}},"10":{"start":{"line":25,"column":0},"end":{"line":25,"column":38}},"11":{"start":{"line":27,"column":18},"end":{"line":43,"column":1}},"12":{"start":{"line":28,"column":19},"end":{"line":28,"column":31}},"13":{"start":{"line":29,"column":19},"end":{"line":29,"column":73}},"14":{"start":{"line":30,"column":14},"end":{"line":30,"column":38}},"15":{"start":{"line":32,"column":2},"end":{"line":42,"column":5}},"16":{"start":{"line":33,"column":4},"end":{"line":41,"column":5}},"17":{"start":{"line":34,"column":6},"end":{"line":37,"column":9}},"18":{"start":{"line":39,"column":6},"end":{"line":39,"column":28}},"19":{"start":{"line":40,"column":6},"end":{"line":40,"column":13}},"20":{"start":{"line":45,"column":0},"end":{"line":45,"column":34}}},"fnMap":{"0":{"name":"_interopRequireDefault","decl":{"start":{"line":10,"column":9},"end":{"line":10,"column":31}},"loc":{"start":{"line":10,"column":37},"end":{"line":10,"column":97}},"line":10},"1":{"name":"generateId","decl":{"start":{"line":12,"column":26},"end":{"line":12,"column":36}},"loc":{"start":{"line":12,"column":39},"end":{"line":14,"column":1}},"line":12},"2":{"name":"generateToken","decl":{"start":{"line":18,"column":29},"end":{"line":18,"column":42}},"loc":{"start":{"line":18,"column":52},"end":{"line":23,"column":1}},"line":18},"3":{"name":"verifyToken","decl":{"start":{"line":27,"column":27},"end":{"line":27,"column":38}},"loc":{"start":{"line":27,"column":55},"end":{"line":43,"column":1}},"line":27},"4":{"name":"(anonymous_4)","decl":{"start":{"line":32,"column":53},"end":{"line":32,"column":54}},"loc":{"start":{"line":32,"column":77},"end":{"line":42,"column":3}},"line":32}},"branchMap":{"0":{"loc":{"start":{"line":10,"column":46},"end":{"line":10,"column":94}},"type":"cond-expr","locations":[{"start":{"line":10,"column":70},"end":{"line":10,"column":73}},{"start":{"line":10,"column":76},"end":{"line":10,"column":94}}],"line":10},"1":{"loc":{"start":{"line":10,"column":46},"end":{"line":10,"column":67}},"type":"binary-expr","locations":[{"start":{"line":10,"column":46},"end":{"line":10,"column":49}},{"start":{"line":10,"column":53},"end":{"line":10,"column":67}}],"line":10},"2":{"loc":{"start":{"line":29,"column":19},"end":{"line":29,"column":73}},"type":"binary-expr","locations":[{"start":{"line":29,"column":19},"end":{"line":29,"column":44}},{"start":{"line":29,"column":48},"end":{"line":29,"column":73}}],"line":29},"3":{"loc":{"start":{"line":33,"column":4},"end":{"line":41,"column":5}},"type":"if","locations":[{"start":{"line":33,"column":4},"end":{"line":41,"column":5}},{"start":{"line":33,"column":4},"end":{"line":41,"column":5}}],"line":33}},"s":{"0":1,"1":1,"2":1,"3":1,"4":1,"5":0,"6":1,"7":1,"8":1,"9":1,"10":1,"11":1,"12":0,"13":0,"14":0,"15":0,"16":0,"17":0,"18":0,"19":0,"20":1},"f":{"0":1,"1":0,"2":1,"3":0,"4":0},"b":{"0":[0,1],"1":[1,1],"2":[0,0],"3":[0,0]},"_coverageSchema":"43e27e138ebf9cfc5966b082cf9a028302ed4184","hash":"3fe273a6f946b07aaab814f20a9bcfd4cb2654b5","contentHash":"710a2e4198941c7052776eb181f1547a36efac126d4b6d549800cfea7d6cb660"},"C:\\Users\\T\\Documents\\Andela\\WayFarer\\WayFarer-v2\\server\\test\\auth_test.js":{"path":"C:\\Users\\T\\Documents\\Andela\\WayFarer\\WayFarer-v2\\server\\test\\auth_test.js","statementMap":{"0":{"start":{"line":3,"column":12},"end":{"line":3,"column":51}},"1":{"start":{"line":5,"column":16},"end":{"line":5,"column":60}},"2":{"start":{"line":7,"column":11},"end":{"line":7,"column":52}},"3":{"start":{"line":9,"column":12},"end":{"line":9,"column":38}},"4":{"start":{"line":11,"column":39},"end":{"line":11,"column":95}},"5":{"start":{"line":13,"column":0},"end":{"line":13,"column":43}},"6":{"start":{"line":15,"column":13},"end":{"line":15,"column":36}},"7":{"start":{"line":16,"column":12},"end":{"line":30,"column":2}},"8":{"start":{"line":31,"column":0},"end":{"line":49,"column":3}},"9":{"start":{"line":32,"column":2},"end":{"line":48,"column":5}},"10":{"start":{"line":34,"column":4},"end":{"line":45,"column":7}},"11":{"start":{"line":35,"column":6},"end":{"line":44,"column":9}},"12":{"start":{"line":37,"column":8},"end":{"line":37,"column":44}},"13":{"start":{"line":38,"column":8},"end":{"line":38,"column":45}},"14":{"start":{"line":39,"column":8},"end":{"line":39,"column":54}},"15":{"start":{"line":40,"column":8},"end":{"line":40,"column":71}},"16":{"start":{"line":41,"column":8},"end":{"line":41,"column":69}},"17":{"start":{"line":42,"column":8},"end":{"line":42,"column":61}},"18":{"start":{"line":43,"column":8},"end":{"line":43,"column":15}}},"fnMap":{"0":{"name":"_interopRequireDefault","decl":{"start":{"line":11,"column":9},"end":{"line":11,"column":31}},"loc":{"start":{"line":11,"column":37},"end":{"line":11,"column":97}},"line":11},"1":{"name":"(anonymous_1)","decl":{"start":{"line":31,"column":19},"end":{"line":31,"column":20}},"loc":{"start":{"line":31,"column":31},"end":{"line":49,"column":1}},"line":31},"2":{"name":"(anonymous_2)","decl":{"start":{"line":32,"column":20},"end":{"line":32,"column":21}},"loc":{"start":{"line":32,"column":32},"end":{"line":48,"column":3}},"line":32},"3":{"name":"(anonymous_3)","decl":{"start":{"line":34,"column":33},"end":{"line":34,"column":34}},"loc":{"start":{"line":34,"column":49},"end":{"line":45,"column":5}},"line":34},"4":{"name":"(anonymous_4)","decl":{"start":{"line":36,"column":93},"end":{"line":36,"column":94}},"loc":{"start":{"line":36,"column":113},"end":{"line":44,"column":7}},"line":36}},"branchMap":{"0":{"loc":{"start":{"line":11,"column":46},"end":{"line":11,"column":94}},"type":"cond-expr","locations":[{"start":{"line":11,"column":70},"end":{"line":11,"column":73}},{"start":{"line":11,"column":76},"end":{"line":11,"column":94}}],"line":11},"1":{"loc":{"start":{"line":11,"column":46},"end":{"line":11,"column":67}},"type":"binary-expr","locations":[{"start":{"line":11,"column":46},"end":{"line":11,"column":49}},{"start":{"line":11,"column":53},"end":{"line":11,"column":67}}],"line":11}},"s":{"0":1,"1":1,"2":1,"3":1,"4":3,"5":1,"6":1,"7":1,"8":1,"9":1,"10":1,"11":1,"12":0,"13":0,"14":0,"15":0,"16":0,"17":0,"18":0},"f":{"0":3,"1":1,"2":1,"3":1,"4":0},"b":{"0":[1,2],"1":[3,3]},"_coverageSchema":"43e27e138ebf9cfc5966b082cf9a028302ed4184","hash":"7641e262cb2bccc59f7d9e8ae4bc3dbfa6a9da88","contentHash":"88f73db6d6e979dee119571b232e27ab2916268b19da786c90cdf066d91b4bfe"},"C:\\Users\\T\\Documents\\Andela\\WayFarer\\WayFarer-v2\\server\\app.js":{"path":"C:\\Users\\T\\Documents\\Andela\\WayFarer\\WayFarer-v2\\server\\app.js","statementMap":{"0":{"start":{"line":3,"column":0},"end":{"line":5,"column":3}},"1":{"start":{"line":6,"column":0},"end":{"line":6,"column":28}},"2":{"start":{"line":8,"column":15},"end":{"line":8,"column":57}},"3":{"start":{"line":10,"column":18},"end":{"line":10,"column":64}},"4":{"start":{"line":12,"column":12},"end":{"line":12,"column":60}},"5":{"start":{"line":14,"column":13},"end":{"line":14,"column":62}},"6":{"start":{"line":16,"column":39},"end":{"line":16,"column":95}},"7":{"start":{"line":18,"column":10},"end":{"line":18,"column":36}},"8":{"start":{"line":19,"column":0},"end":{"line":21,"column":4}},"9":{"start":{"line":22,"column":0},"end":{"line":22,"column":39}},"10":{"start":{"line":23,"column":0},"end":{"line":23,"column":35}},"11":{"start":{"line":24,"column":0},"end":{"line":24,"column":37}},"12":{"start":{"line":25,"column":15},"end":{"line":25,"column":18}},"13":{"start":{"line":26,"column":0},"end":{"line":26,"column":30}}},"fnMap":{"0":{"name":"_interopRequireDefault","decl":{"start":{"line":16,"column":9},"end":{"line":16,"column":31}},"loc":{"start":{"line":16,"column":37},"end":{"line":16,"column":97}},"line":16}},"branchMap":{"0":{"loc":{"start":{"line":16,"column":46},"end":{"line":16,"column":94}},"type":"cond-expr","locations":[{"start":{"line":16,"column":70},"end":{"line":16,"column":73}},{"start":{"line":16,"column":76},"end":{"line":16,"column":94}}],"line":16},"1":{"loc":{"start":{"line":16,"column":46},"end":{"line":16,"column":67}},"type":"binary-expr","locations":[{"start":{"line":16,"column":46},"end":{"line":16,"column":49}},{"start":{"line":16,"column":53},"end":{"line":16,"column":67}}],"line":16}},"s":{"0":1,"1":1,"2":1,"3":1,"4":1,"5":1,"6":4,"7":1,"8":1,"9":1,"10":1,"11":1,"12":1,"13":1},"f":{"0":4},"b":{"0":[2,2],"1":[4,4]},"_coverageSchema":"43e27e138ebf9cfc5966b082cf9a028302ed4184","hash":"38bd926f846ddd622b3fd0677e5e25284cd95ffd","contentHash":"57aad6e656fbf362f5076b011a8abf1aea4d643d5c618451a5cfb0a23213fe77"},"C:\\Users\\T\\Documents\\Andela\\WayFarer\\WayFarer-v2\\server\\routes\\auth.js":{"path":"C:\\Users\\T\\Documents\\Andela\\WayFarer\\WayFarer-v2\\server\\routes\\auth.js","statementMap":{"0":{"start":{"line":3,"column":0},"end":{"line":5,"column":3}},"1":{"start":{"line":6,"column":0},"end":{"line":6,"column":28}},"2":{"start":{"line":8,"column":15},"end":{"line":8,"column":57}},"3":{"start":{"line":10,"column":12},"end":{"line":10,"column":42}},"4":{"start":{"line":12,"column":17},"end":{"line":12,"column":51}},"5":{"start":{"line":14,"column":39},"end":{"line":14,"column":95}},"6":{"start":{"line":16,"column":13},"end":{"line":16,"column":41}},"7":{"start":{"line":18,"column":0},"end":{"line":18,"column":74}},"8":{"start":{"line":19,"column":0},"end":{"line":19,"column":74}},"9":{"start":{"line":20,"column":15},"end":{"line":20,"column":21}},"10":{"start":{"line":21,"column":0},"end":{"line":21,"column":30}}},"fnMap":{"0":{"name":"_interopRequireDefault","decl":{"start":{"line":14,"column":9},"end":{"line":14,"column":31}},"loc":{"start":{"line":14,"column":37},"end":{"line":14,"column":97}},"line":14}},"branchMap":{"0":{"loc":{"start":{"line":14,"column":46},"end":{"line":14,"column":94}},"type":"cond-expr","locations":[{"start":{"line":14,"column":70},"end":{"line":14,"column":73}},{"start":{"line":14,"column":76},"end":{"line":14,"column":94}}],"line":14},"1":{"loc":{"start":{"line":14,"column":46},"end":{"line":14,"column":67}},"type":"binary-expr","locations":[{"start":{"line":14,"column":46},"end":{"line":14,"column":49}},{"start":{"line":14,"column":53},"end":{"line":14,"column":67}}],"line":14}},"s":{"0":1,"1":1,"2":1,"3":1,"4":1,"5":1,"6":1,"7":1,"8":1,"9":1,"10":1},"f":{"0":1},"b":{"0":[0,1],"1":[1,1]},"_coverageSchema":"43e27e138ebf9cfc5966b082cf9a028302ed4184","hash":"f92a2b0714d73e74e26062263740eddbeff8e622","contentHash":"488128bc9ae602b3ec5bbca0b2b433b2e248f558ccd44343ed08f6d9d4bef11c"},"C:\\Users\\T\\Documents\\Andela\\WayFarer\\WayFarer-v2\\server\\controllers\\auth.js":{"path":"C:\\Users\\T\\Documents\\Andela\\WayFarer\\WayFarer-v2\\server\\controllers\\auth.js","statementMap":{"0":{"start":{"line":3,"column":0},"end":{"line":5,"column":3}},"1":{"start":{"line":6,"column":0},"end":{"line":6,"column":61}},"2":{"start":{"line":8,"column":12},"end":{"line":8,"column":61}},"3":{"start":{"line":10,"column":12},"end":{"line":10,"column":38}},"4":{"start":{"line":12,"column":15},"end":{"line":12,"column":67}},"5":{"start":{"line":14,"column":39},"end":{"line":14,"column":95}},"6":{"start":{"line":16,"column":54},"end":{"line":16,"column":84}},"7":{"start":{"line":16,"column":74},"end":{"line":16,"column":84}},"8":{"start":{"line":16,"column":98},"end":{"line":16,"column":145}},"9":{"start":{"line":16,"column":159},"end":{"line":16,"column":475}},"10":{"start":{"line":16,"column":218},"end":{"line":16,"column":254}},"11":{"start":{"line":16,"column":256},"end":{"line":16,"column":473}},"12":{"start":{"line":16,"column":304},"end":{"line":16,"column":330}},"13":{"start":{"line":16,"column":331},"end":{"line":16,"column":372}},"14":{"start":{"line":16,"column":363},"end":{"line":16,"column":372}},"15":{"start":{"line":16,"column":373},"end":{"line":16,"column":444}},"16":{"start":{"line":16,"column":435},"end":{"line":16,"column":444}},"17":{"start":{"line":16,"column":445},"end":{"line":16,"column":471}},"18":{"start":{"line":16,"column":476},"end":{"line":16,"column":490}},"19":{"start":{"line":18,"column":59},"end":{"line":18,"column":89}},"20":{"start":{"line":18,"column":79},"end":{"line":18,"column":89}},"21":{"start":{"line":18,"column":103},"end":{"line":18,"column":105}},"22":{"start":{"line":18,"column":124},"end":{"line":18,"column":143}},"23":{"start":{"line":18,"column":157},"end":{"line":18,"column":290}},"24":{"start":{"line":18,"column":199},"end":{"line":18,"column":219}},"25":{"start":{"line":18,"column":220},"end":{"line":18,"column":261}},"26":{"start":{"line":18,"column":252},"end":{"line":18,"column":261}},"27":{"start":{"line":18,"column":262},"end":{"line":18,"column":288}},"28":{"start":{"line":18,"column":291},"end":{"line":18,"column":305}},"29":{"start":{"line":20,"column":14},"end":{"line":20,"column":39}},"30":{"start":{"line":22,"column":23},"end":{"line":58,"column":1}},"31":{"start":{"line":23,"column":18},"end":{"line":23,"column":26}},"32":{"start":{"line":24,"column":19},"end":{"line":24,"column":39}},"33":{"start":{"line":25,"column":18},"end":{"line":25,"column":37}},"34":{"start":{"line":26,"column":17},"end":{"line":26,"column":35}},"35":{"start":{"line":27,"column":17},"end":{"line":27,"column":35}},"36":{"start":{"line":28,"column":14},"end":{"line":28,"column":29}},"37":{"start":{"line":29,"column":14},"end":{"line":32,"column":4}},"38":{"start":{"line":33,"column":19},"end":{"line":39,"column":3}},"39":{"start":{"line":40,"column":13},"end":{"line":40,"column":46}},"40":{"start":{"line":42,"column":2},"end":{"line":57,"column":3}},"41":{"start":{"line":43,"column":4},"end":{"line":43,"column":32}},"42":{"start":{"line":44,"column":22},"end":{"line":44,"column":40}},"43":{"start":{"line":45,"column":15},"end":{"line":45,"column":50}},"44":{"start":{"line":46,"column":4},"end":{"line":46,"column":23}},"45":{"start":{"line":47,"column":4},"end":{"line":51,"column":7}},"46":{"start":{"line":53,"column":4},"end":{"line":56,"column":7}},"47":{"start":{"line":60,"column":0},"end":{"line":60,"column":44}},"48":{"start":{"line":62,"column":23},"end":{"line":92,"column":1}},"49":{"start":{"line":63,"column":19},"end":{"line":63,"column":27}},"50":{"start":{"line":64,"column":14},"end":{"line":64,"column":30}},"51":{"start":{"line":65,"column":17},"end":{"line":65,"column":36}},"52":{"start":{"line":66,"column":2},"end":{"line":66,"column":52}},"53":{"start":{"line":67,"column":13},"end":{"line":67,"column":46}},"54":{"start":{"line":69,"column":2},"end":{"line":91,"column":3}},"55":{"start":{"line":70,"column":20},"end":{"line":70,"column":30}},"56":{"start":{"line":71,"column":19},"end":{"line":71,"column":32}},"57":{"start":{"line":72,"column":16},"end":{"line":75,"column":6}},"58":{"start":{"line":77,"column":15},"end":{"line":77,"column":24}},"59":{"start":{"line":78,"column":18},"end":{"line":78,"column":58}},"60":{"start":{"line":80,"column":4},"end":{"line":80,"column":26}},"61":{"start":{"line":81,"column":4},"end":{"line":85,"column":7}},"62":{"start":{"line":87,"column":4},"end":{"line":90,"column":7}},"63":{"start":{"line":94,"column":0},"end":{"line":94,"column":44}}},"fnMap":{"0":{"name":"_interopRequireDefault","decl":{"start":{"line":14,"column":9},"end":{"line":14,"column":31}},"loc":{"start":{"line":14,"column":37},"end":{"line":14,"column":97}},"line":14},"1":{"name":"_objectWithoutProperties","decl":{"start":{"line":16,"column":9},"end":{"line":16,"column":33}},"loc":{"start":{"line":16,"column":52},"end":{"line":16,"column":492}},"line":16},"2":{"name":"_objectWithoutPropertiesLoose","decl":{"start":{"line":18,"column":9},"end":{"line":18,"column":38}},"loc":{"start":{"line":18,"column":57},"end":{"line":18,"column":307}},"line":18},"3":{"name":"signupController","decl":{"start":{"line":22,"column":32},"end":{"line":22,"column":48}},"loc":{"start":{"line":22,"column":59},"end":{"line":58,"column":1}},"line":22},"4":{"name":"signinController","decl":{"start":{"line":62,"column":32},"end":{"line":62,"column":48}},"loc":{"start":{"line":62,"column":59},"end":{"line":92,"column":1}},"line":62}},"branchMap":{"0":{"loc":{"start":{"line":14,"column":46},"end":{"line":14,"column":94}},"type":"cond-expr","locations":[{"start":{"line":14,"column":70},"end":{"line":14,"column":73}},{"start":{"line":14,"column":76},"end":{"line":14,"column":94}}],"line":14},"1":{"loc":{"start":{"line":14,"column":46},"end":{"line":14,"column":67}},"type":"binary-expr","locations":[{"start":{"line":14,"column":46},"end":{"line":14,"column":49}},{"start":{"line":14,"column":53},"end":{"line":14,"column":67}}],"line":14},"2":{"loc":{"start":{"line":16,"column":54},"end":{"line":16,"column":84}},"type":"if","locations":[{"start":{"line":16,"column":54},"end":{"line":16,"column":84}},{"start":{"line":16,"column":54},"end":{"line":16,"column":84}}],"line":16},"3":{"loc":{"start":{"line":16,"column":159},"end":{"line":16,"column":475}},"type":"if","locations":[{"start":{"line":16,"column":159},"end":{"line":16,"column":475}},{"start":{"line":16,"column":159},"end":{"line":16,"column":475}}],"line":16},"4":{"loc":{"start":{"line":16,"column":331},"end":{"line":16,"column":372}},"type":"if","locations":[{"start":{"line":16,"column":331},"end":{"line":16,"column":372}},{"start":{"line":16,"column":331},"end":{"line":16,"column":372}}],"line":16},"5":{"loc":{"start":{"line":16,"column":373},"end":{"line":16,"column":444}},"type":"if","locations":[{"start":{"line":16,"column":373},"end":{"line":16,"column":444}},{"start":{"line":16,"column":373},"end":{"line":16,"column":444}}],"line":16},"6":{"loc":{"start":{"line":18,"column":59},"end":{"line":18,"column":89}},"type":"if","locations":[{"start":{"line":18,"column":59},"end":{"line":18,"column":89}},{"start":{"line":18,"column":59},"end":{"line":18,"column":89}}],"line":18},"7":{"loc":{"start":{"line":18,"column":220},"end":{"line":18,"column":261}},"type":"if","locations":[{"start":{"line":18,"column":220},"end":{"line":18,"column":261}},{"start":{"line":18,"column":220},"end":{"line":18,"column":261}}],"line":18},"8":{"loc":{"start":{"line":42,"column":2},"end":{"line":57,"column":3}},"type":"if","locations":[{"start":{"line":42,"column":2},"end":{"line":57,"column":3}},{"start":{"line":42,"column":2},"end":{"line":57,"column":3}}],"line":42},"9":{"loc":{"start":{"line":69,"column":2},"end":{"line":91,"column":3}},"type":"if","locations":[{"start":{"line":69,"column":2},"end":{"line":91,"column":3}},{"start":{"line":69,"column":2},"end":{"line":91,"column":3}}],"line":69}},"s":{"0":1,"1":1,"2":1,"3":1,"4":1,"5":2,"6":0,"7":0,"8":0,"9":0,"10":0,"11":0,"12":0,"13":0,"14":0,"15":0,"16":0,"17":0,"18":0,"19":0,"20":0,"21":0,"22":0,"23":0,"24":0,"25":0,"26":0,"27":0,"28":0,"29":1,"30":1,"31":0,"32":0,"33":0,"34":0,"35":0,"36":0,"37":0,"38":0,"39":0,"40":0,"41":0,"42":0,"43":0,"44":0,"45":0,"46":0,"47":1,"48":1,"49":0,"50":0,"51":0,"52":0,"53":0,"54":0,"55":0,"56":0,"57":0,"58":0,"59":0,"60":0,"61":0,"62":0,"63":1},"f":{"0":2,"1":0,"2":0,"3":0,"4":0},"b":{"0":[2,0],"1":[2,2],"2":[0,0],"3":[0,0],"4":[0,0],"5":[0,0],"6":[0,0],"7":[0,0],"8":[0,0],"9":[0,0]},"_coverageSchema":"43e27e138ebf9cfc5966b082cf9a028302ed4184","hash":"2f36b720065c647dc639c2a9c52a2b0d981bf4f3","contentHash":"4cc7388e7ffb6c81b27a0708eec17b5400fad80fbfa32316dadad8e28080fa37"},"C:\\Users\\T\\Documents\\Andela\\WayFarer\\WayFarer-v2\\server\\middleware\\validator.js":{"path":"C:\\Users\\T\\Documents\\Andela\\WayFarer\\WayFarer-v2\\server\\middleware\\validator.js","statementMap":{"0":{"start":{"line":3,"column":0},"end":{"line":5,"column":3}},"1":{"start":{"line":6,"column":0},"end":{"line":6,"column":57}},"2":{"start":{"line":8,"column":11},"end":{"line":8,"column":49}},"3":{"start":{"line":10,"column":39},"end":{"line":10,"column":95}},"4":{"start":{"line":12,"column":21},"end":{"line":34,"column":1}},"5":{"start":{"line":13,"column":15},"end":{"line":21,"column":4}},"6":{"start":{"line":23,"column":22},"end":{"line":23,"column":64}},"7":{"start":{"line":24,"column":14},"end":{"line":24,"column":33}},"8":{"start":{"line":26,"column":2},"end":{"line":33,"column":3}},"9":{"start":{"line":27,"column":4},"end":{"line":30,"column":7}},"10":{"start":{"line":32,"column":4},"end":{"line":32,"column":11}},"11":{"start":{"line":36,"column":0},"end":{"line":36,"column":40}},"12":{"start":{"line":38,"column":21},"end":{"line":56,"column":1}},"13":{"start":{"line":39,"column":15},"end":{"line":45,"column":4}},"14":{"start":{"line":47,"column":23},"end":{"line":47,"column":65}},"15":{"start":{"line":48,"column":14},"end":{"line":48,"column":34}},"16":{"start":{"line":50,"column":2},"end":{"line":55,"column":16}},"17":{"start":{"line":51,"column":4},"end":{"line":54,"column":7}},"18":{"start":{"line":55,"column":9},"end":{"line":55,"column":16}},"19":{"start":{"line":58,"column":0},"end":{"line":58,"column":40}}},"fnMap":{"0":{"name":"_interopRequireDefault","decl":{"start":{"line":10,"column":9},"end":{"line":10,"column":31}},"loc":{"start":{"line":10,"column":37},"end":{"line":10,"column":97}},"line":10},"1":{"name":"validateSignup","decl":{"start":{"line":12,"column":30},"end":{"line":12,"column":44}},"loc":{"start":{"line":12,"column":61},"end":{"line":34,"column":1}},"line":12},"2":{"name":"validateSignin","decl":{"start":{"line":38,"column":30},"end":{"line":38,"column":44}},"loc":{"start":{"line":38,"column":61},"end":{"line":56,"column":1}},"line":38}},"branchMap":{"0":{"loc":{"start":{"line":10,"column":46},"end":{"line":10,"column":94}},"type":"cond-expr","locations":[{"start":{"line":10,"column":70},"end":{"line":10,"column":73}},{"start":{"line":10,"column":76},"end":{"line":10,"column":94}}],"line":10},"1":{"loc":{"start":{"line":10,"column":46},"end":{"line":10,"column":67}},"type":"binary-expr","locations":[{"start":{"line":10,"column":46},"end":{"line":10,"column":49}},{"start":{"line":10,"column":53},"end":{"line":10,"column":67}}],"line":10},"2":{"loc":{"start":{"line":26,"column":2},"end":{"line":33,"column":3}},"type":"if","locations":[{"start":{"line":26,"column":2},"end":{"line":33,"column":3}},{"start":{"line":26,"column":2},"end":{"line":33,"column":3}}],"line":26},"3":{"loc":{"start":{"line":50,"column":2},"end":{"line":55,"column":16}},"type":"if","locations":[{"start":{"line":50,"column":2},"end":{"line":55,"column":16}},{"start":{"line":50,"column":2},"end":{"line":55,"column":16}}],"line":50}},"s":{"0":1,"1":1,"2":1,"3":1,"4":1,"5":0,"6":0,"7":0,"8":0,"9":0,"10":0,"11":1,"12":1,"13":0,"14":0,"15":0,"16":0,"17":0,"18":0,"19":1},"f":{"0":1,"1":0,"2":0},"b":{"0":[0,1],"1":[1,1],"2":[0,0],"3":[0,0]},"_coverageSchema":"43e27e138ebf9cfc5966b082cf9a028302ed4184","hash":"2f0be049e02fad882e22110017d0f667386bf188","contentHash":"4fbac6dd9f0f1bbd2451ca4ac779d65db39fd3692e5b9139c151c0f3a8a9e361"},"C:\\Users\\T\\Documents\\Andela\\WayFarer\\WayFarer-v2\\server\\routes\\trips.js":{"path":"C:\\Users\\T\\Documents\\Andela\\WayFarer\\WayFarer-v2\\server\\routes\\trips.js","statementMap":{"0":{"start":{"line":3,"column":0},"end":{"line":5,"column":3}},"1":{"start":{"line":6,"column":0},"end":{"line":6,"column":28}},"2":{"start":{"line":8,"column":15},"end":{"line":8,"column":57}},"3":{"start":{"line":10,"column":13},"end":{"line":10,"column":44}},"4":{"start":{"line":12,"column":12},"end":{"line":12,"column":38}},"5":{"start":{"line":14,"column":39},"end":{"line":14,"column":95}},"6":{"start":{"line":16,"column":13},"end":{"line":16,"column":41}},"7":{"start":{"line":18,"column":0},"end":{"line":18,"column":55}},"8":{"start":{"line":19,"column":0},"end":{"line":19,"column":54}},"9":{"start":{"line":20,"column":0},"end":{"line":20,"column":52}},"10":{"start":{"line":21,"column":0},"end":{"line":21,"column":66}},"11":{"start":{"line":22,"column":15},"end":{"line":22,"column":21}},"12":{"start":{"line":23,"column":0},"end":{"line":23,"column":30}}},"fnMap":{"0":{"name":"_interopRequireDefault","decl":{"start":{"line":14,"column":9},"end":{"line":14,"column":31}},"loc":{"start":{"line":14,"column":37},"end":{"line":14,"column":97}},"line":14}},"branchMap":{"0":{"loc":{"start":{"line":14,"column":46},"end":{"line":14,"column":94}},"type":"cond-expr","locations":[{"start":{"line":14,"column":70},"end":{"line":14,"column":73}},{"start":{"line":14,"column":76},"end":{"line":14,"column":94}}],"line":14},"1":{"loc":{"start":{"line":14,"column":46},"end":{"line":14,"column":67}},"type":"binary-expr","locations":[{"start":{"line":14,"column":46},"end":{"line":14,"column":49}},{"start":{"line":14,"column":53},"end":{"line":14,"column":67}}],"line":14}},"s":{"0":1,"1":1,"2":1,"3":1,"4":1,"5":1,"6":1,"7":1,"8":1,"9":1,"10":1,"11":1,"12":1},"f":{"0":1},"b":{"0":[0,1],"1":[1,1]},"_coverageSchema":"43e27e138ebf9cfc5966b082cf9a028302ed4184","hash":"a5a60c4d73aab065246f973f1dc8c2ebb2f2643e","contentHash":"4a7d3dac36462a8e60c0957b009456956e867ed6d83828681501917cc87e52ec"},"C:\\Users\\T\\Documents\\Andela\\WayFarer\\WayFarer-v2\\server\\controllers\\trips.js":{"path":"C:\\Users\\T\\Documents\\Andela\\WayFarer\\WayFarer-v2\\server\\controllers\\trips.js","statementMap":{"0":{"start":{"line":3,"column":0},"end":{"line":5,"column":3}},"1":{"start":{"line":6,"column":0},"end":{"line":6,"column":86}},"2":{"start":{"line":8,"column":12},"end":{"line":8,"column":61}},"3":{"start":{"line":10,"column":12},"end":{"line":10,"column":61}},"4":{"start":{"line":12,"column":15},"end":{"line":12,"column":67}},"5":{"start":{"line":14,"column":39},"end":{"line":14,"column":95}},"6":{"start":{"line":17,"column":14},"end":{"line":17,"column":39}},"7":{"start":{"line":18,"column":11},"end":{"line":18,"column":33}},"8":{"start":{"line":20,"column":17},"end":{"line":56,"column":1}},"9":{"start":{"line":21,"column":16},"end":{"line":21,"column":27}},"10":{"start":{"line":22,"column":14},"end":{"line":22,"column":27}},"11":{"start":{"line":23,"column":17},"end":{"line":23,"column":33}},"12":{"start":{"line":24,"column":16},"end":{"line":31,"column":3}},"13":{"start":{"line":33,"column":2},"end":{"line":55,"column":3}},"14":{"start":{"line":34,"column":19},"end":{"line":34,"column":47}},"15":{"start":{"line":36,"column":4},"end":{"line":49,"column":5}},"16":{"start":{"line":37,"column":6},"end":{"line":40,"column":9}},"17":{"start":{"line":42,"column":6},"end":{"line":42,"column":31}},"18":{"start":{"line":43,"column":6},"end":{"line":43,"column":28}},"19":{"start":{"line":44,"column":6},"end":{"line":48,"column":9}},"20":{"start":{"line":51,"column":4},"end":{"line":54,"column":7}},"21":{"start":{"line":59,"column":0},"end":{"line":59,"column":32}},"22":{"start":{"line":61,"column":14},"end":{"line":79,"column":1}},"23":{"start":{"line":62,"column":16},"end":{"line":62,"column":27}},"24":{"start":{"line":63,"column":14},"end":{"line":63,"column":27}},"25":{"start":{"line":64,"column":16},"end":{"line":64,"column":29}},"26":{"start":{"line":65,"column":18},"end":{"line":65,"column":43}},"27":{"start":{"line":67,"column":2},"end":{"line":78,"column":3}},"28":{"start":{"line":68,"column":4},"end":{"line":72,"column":7}},"29":{"start":{"line":74,"column":4},"end":{"line":77,"column":7}},"30":{"start":{"line":82,"column":0},"end":{"line":82,"column":26}},"31":{"start":{"line":84,"column":15},"end":{"line":91,"column":1}},"32":{"start":{"line":85,"column":14},"end":{"line":85,"column":32}},"33":{"start":{"line":86,"column":2},"end":{"line":90,"column":5}},"34":{"start":{"line":94,"column":0},"end":{"line":94,"column":28}},"35":{"start":{"line":96,"column":17},"end":{"line":125,"column":1}},"36":{"start":{"line":97,"column":16},"end":{"line":97,"column":27}},"37":{"start":{"line":98,"column":17},"end":{"line":98,"column":33}},"38":{"start":{"line":99,"column":15},"end":{"line":99,"column":28}},"39":{"start":{"line":101,"column":2},"end":{"line":124,"column":3}},"40":{"start":{"line":103,"column":16},"end":{"line":103,"column":40}},"41":{"start":{"line":105,"column":4},"end":{"line":117,"column":5}},"42":{"start":{"line":106,"column":6},"end":{"line":106,"column":32}},"43":{"start":{"line":107,"column":6},"end":{"line":107,"column":26}},"44":{"start":{"line":108,"column":6},"end":{"line":111,"column":9}},"45":{"start":{"line":113,"column":6},"end":{"line":116,"column":9}},"46":{"start":{"line":120,"column":4},"end":{"line":123,"column":7}},"47":{"start":{"line":127,"column":0},"end":{"line":127,"column":32}}},"fnMap":{"0":{"name":"_interopRequireDefault","decl":{"start":{"line":14,"column":9},"end":{"line":14,"column":31}},"loc":{"start":{"line":14,"column":37},"end":{"line":14,"column":97}},"line":14},"1":{"name":"createTrip","decl":{"start":{"line":20,"column":26},"end":{"line":20,"column":36}},"loc":{"start":{"line":20,"column":47},"end":{"line":56,"column":1}},"line":20},"2":{"name":"getTrip","decl":{"start":{"line":61,"column":23},"end":{"line":61,"column":30}},"loc":{"start":{"line":61,"column":41},"end":{"line":79,"column":1}},"line":61},"3":{"name":"getTrips","decl":{"start":{"line":84,"column":24},"end":{"line":84,"column":32}},"loc":{"start":{"line":84,"column":43},"end":{"line":91,"column":1}},"line":84},"4":{"name":"cancelTrip","decl":{"start":{"line":96,"column":26},"end":{"line":96,"column":36}},"loc":{"start":{"line":96,"column":47},"end":{"line":125,"column":1}},"line":96}},"branchMap":{"0":{"loc":{"start":{"line":14,"column":46},"end":{"line":14,"column":94}},"type":"cond-expr","locations":[{"start":{"line":14,"column":70},"end":{"line":14,"column":73}},{"start":{"line":14,"column":76},"end":{"line":14,"column":94}}],"line":14},"1":{"loc":{"start":{"line":14,"column":46},"end":{"line":14,"column":67}},"type":"binary-expr","locations":[{"start":{"line":14,"column":46},"end":{"line":14,"column":49}},{"start":{"line":14,"column":53},"end":{"line":14,"column":67}}],"line":14},"2":{"loc":{"start":{"line":33,"column":2},"end":{"line":55,"column":3}},"type":"if","locations":[{"start":{"line":33,"column":2},"end":{"line":55,"column":3}},{"start":{"line":33,"column":2},"end":{"line":55,"column":3}}],"line":33},"3":{"loc":{"start":{"line":36,"column":4},"end":{"line":49,"column":5}},"type":"if","locations":[{"start":{"line":36,"column":4},"end":{"line":49,"column":5}},{"start":{"line":36,"column":4},"end":{"line":49,"column":5}}],"line":36},"4":{"loc":{"start":{"line":67,"column":2},"end":{"line":78,"column":3}},"type":"if","locations":[{"start":{"line":67,"column":2},"end":{"line":78,"column":3}},{"start":{"line":67,"column":2},"end":{"line":78,"column":3}}],"line":67},"5":{"loc":{"start":{"line":101,"column":2},"end":{"line":124,"column":3}},"type":"if","locations":[{"start":{"line":101,"column":2},"end":{"line":124,"column":3}},{"start":{"line":101,"column":2},"end":{"line":124,"column":3}}],"line":101},"6":{"loc":{"start":{"line":105,"column":4},"end":{"line":117,"column":5}},"type":"if","locations":[{"start":{"line":105,"column":4},"end":{"line":117,"column":5}},{"start":{"line":105,"column":4},"end":{"line":117,"column":5}}],"line":105}},"s":{"0":1,"1":1,"2":1,"3":1,"4":1,"5":3,"6":1,"7":1,"8":1,"9":0,"10":0,"11":0,"12":0,"13":0,"14":0,"15":0,"16":0,"17":0,"18":0,"19":0,"20":0,"21":1,"22":1,"23":0,"24":0,"25":0,"26":0,"27":0,"28":0,"29":0,"30":1,"31":1,"32":0,"33":0,"34":1,"35":1,"36":0,"37":0,"38":0,"39":0,"40":0,"41":0,"42":0,"43":0,"44":0,"45":0,"46":0,"47":1},"f":{"0":3,"1":0,"2":0,"3":0,"4":0},"b":{"0":[3,0],"1":[3,3],"2":[0,0],"3":[0,0],"4":[0,0],"5":[0,0],"6":[0,0]},"_coverageSchema":"43e27e138ebf9cfc5966b082cf9a028302ed4184","hash":"052c1704efab08247e57b839014d9d4ec454a1a9","contentHash":"3db4bf7c855db7472b8f7002e16ef2775f9f56886b25490ef3a19b2378a77390"},"C:\\Users\\T\\Documents\\Andela\\WayFarer\\WayFarer-v2\\server\\models\\Trip.js":{"path":"C:\\Users\\T\\Documents\\Andela\\WayFarer\\WayFarer-v2\\server\\models\\Trip.js","statementMap":{"0":{"start":{"line":3,"column":0},"end":{"line":5,"column":3}},"1":{"start":{"line":6,"column":0},"end":{"line":6,"column":28}},"2":{"start":{"line":8,"column":15},"end":{"line":8,"column":59}},"3":{"start":{"line":10,"column":12},"end":{"line":10,"column":38}},"4":{"start":{"line":12,"column":39},"end":{"line":12,"column":95}},"5":{"start":{"line":14,"column":24},"end":{"line":14,"column":328}},"6":{"start":{"line":14,"column":99},"end":{"line":14,"column":154}},"7":{"start":{"line":14,"column":133},"end":{"line":14,"column":151}},"8":{"start":{"line":14,"column":164},"end":{"line":14,"column":326}},"9":{"start":{"line":14,"column":198},"end":{"line":14,"column":323}},"10":{"start":{"line":14,"column":329},"end":{"line":14,"column":349}},"11":{"start":{"line":16,"column":50},"end":{"line":16,"column":151}},"12":{"start":{"line":16,"column":92},"end":{"line":16,"column":149}},"13":{"start":{"line":18,"column":44},"end":{"line":18,"column":315}},"14":{"start":{"line":18,"column":57},"end":{"line":18,"column":58}},"15":{"start":{"line":18,"column":102},"end":{"line":18,"column":110}},"16":{"start":{"line":18,"column":112},"end":{"line":18,"column":167}},"17":{"start":{"line":18,"column":168},"end":{"line":18,"column":199}},"18":{"start":{"line":18,"column":200},"end":{"line":18,"column":254}},"19":{"start":{"line":18,"column":227},"end":{"line":18,"column":254}},"20":{"start":{"line":18,"column":255},"end":{"line":18,"column":313}},"21":{"start":{"line":20,"column":62},"end":{"line":20,"column":131}},"22":{"start":{"line":20,"column":78},"end":{"line":20,"column":131}},"23":{"start":{"line":20,"column":132},"end":{"line":20,"column":193}},"24":{"start":{"line":20,"column":149},"end":{"line":20,"column":193}},"25":{"start":{"line":20,"column":194},"end":{"line":20,"column":213}},"26":{"start":{"line":24,"column":0},"end":{"line":85,"column":3}},"27":{"start":{"line":26,"column":4},"end":{"line":26,"column":32}},"28":{"start":{"line":28,"column":4},"end":{"line":28,"column":19}},"29":{"start":{"line":29,"column":4},"end":{"line":29,"column":33}},"30":{"start":{"line":30,"column":4},"end":{"line":30,"column":23}},"31":{"start":{"line":31,"column":4},"end":{"line":31,"column":28}},"32":{"start":{"line":32,"column":4},"end":{"line":32,"column":26}},"33":{"start":{"line":33,"column":4},"end":{"line":33,"column":21}},"34":{"start":{"line":34,"column":4},"end":{"line":34,"column":45}},"35":{"start":{"line":37,"column":2},"end":{"line":82,"column":6}},"36":{"start":{"line":40,"column":6},"end":{"line":40,"column":51}},"37":{"start":{"line":41,"column":6},"end":{"line":41,"column":51}},"38":{"start":{"line":42,"column":6},"end":{"line":42,"column":32}},"39":{"start":{"line":43,"column":6},"end":{"line":43,"column":42}},"40":{"start":{"line":44,"column":6},"end":{"line":44,"column":38}},"41":{"start":{"line":45,"column":6},"end":{"line":45,"column":28}},"42":{"start":{"line":50,"column":6},"end":{"line":57,"column":8}},"43":{"start":{"line":62,"column":6},"end":{"line":62,"column":25}},"44":{"start":{"line":63,"column":6},"end":{"line":63,"column":43}},"45":{"start":{"line":68,"column":18},"end":{"line":68,"column":41}},"46":{"start":{"line":69,"column":6},"end":{"line":69,"column":60}},"47":{"start":{"line":70,"column":22},"end":{"line":70,"column":26}},"48":{"start":{"line":71,"column":6},"end":{"line":78,"column":9}},"49":{"start":{"line":72,"column":8},"end":{"line":72,"column":203}},"50":{"start":{"line":74,"column":8},"end":{"line":77,"column":9}},"51":{"start":{"line":75,"column":10},"end":{"line":75,"column":32}},"52":{"start":{"line":76,"column":10},"end":{"line":76,"column":27}},"53":{"start":{"line":79,"column":6},"end":{"line":79,"column":68}},"54":{"start":{"line":80,"column":6},"end":{"line":80,"column":23}},"55":{"start":{"line":84,"column":2},"end":{"line":84,"column":14}},"56":{"start":{"line":87,"column":15},"end":{"line":87,"column":19}},"57":{"start":{"line":88,"column":0},"end":{"line":88,"column":30}}},"fnMap":{"0":{"name":"_interopRequireDefault","decl":{"start":{"line":12,"column":9},"end":{"line":12,"column":31}},"loc":{"start":{"line":12,"column":37},"end":{"line":12,"column":97}},"line":12},"1":{"name":"_typeof","decl":{"start":{"line":14,"column":9},"end":{"line":14,"column":16}},"loc":{"start":{"line":14,"column":22},"end":{"line":14,"column":351}},"line":14},"2":{"name":"_typeof","decl":{"start":{"line":14,"column":118},"end":{"line":14,"column":125}},"loc":{"start":{"line":14,"column":131},"end":{"line":14,"column":153}},"line":14},"3":{"name":"_typeof","decl":{"start":{"line":14,"column":183},"end":{"line":14,"column":190}},"loc":{"start":{"line":14,"column":196},"end":{"line":14,"column":325}},"line":14},"4":{"name":"_classCallCheck","decl":{"start":{"line":16,"column":9},"end":{"line":16,"column":24}},"loc":{"start":{"line":16,"column":48},"end":{"line":16,"column":153}},"line":16},"5":{"name":"_defineProperties","decl":{"start":{"line":18,"column":9},"end":{"line":18,"column":26}},"loc":{"start":{"line":18,"column":42},"end":{"line":18,"column":317}},"line":18},"6":{"name":"_createClass","decl":{"start":{"line":20,"column":9},"end":{"line":20,"column":21}},"loc":{"start":{"line":20,"column":60},"end":{"line":20,"column":215}},"line":20},"7":{"name":"(anonymous_7)","decl":{"start":{"line":24,"column":0},"end":{"line":24,"column":1}},"loc":{"start":{"line":24,"column":12},"end":{"line":85,"column":1}},"line":24},"8":{"name":"Trip","decl":{"start":{"line":25,"column":11},"end":{"line":25,"column":15}},"loc":{"start":{"line":25,"column":18},"end":{"line":35,"column":3}},"line":25},"9":{"name":"setTrip","decl":{"start":{"line":39,"column":20},"end":{"line":39,"column":27}},"loc":{"start":{"line":39,"column":34},"end":{"line":46,"column":5}},"line":39},"10":{"name":"getTrip","decl":{"start":{"line":49,"column":20},"end":{"line":49,"column":27}},"loc":{"start":{"line":49,"column":30},"end":{"line":58,"column":5}},"line":49},"11":{"name":"createTrip","decl":{"start":{"line":61,"column":20},"end":{"line":61,"column":30}},"loc":{"start":{"line":61,"column":37},"end":{"line":64,"column":5}},"line":61},"12":{"name":"findTrip","decl":{"start":{"line":67,"column":20},"end":{"line":67,"column":28}},"loc":{"start":{"line":67,"column":37},"end":{"line":81,"column":5}},"line":67},"13":{"name":"(anonymous_13)","decl":{"start":{"line":71,"column":20},"end":{"line":71,"column":21}},"loc":{"start":{"line":71,"column":36},"end":{"line":78,"column":7}},"line":71}},"branchMap":{"0":{"loc":{"start":{"line":12,"column":46},"end":{"line":12,"column":94}},"type":"cond-expr","locations":[{"start":{"line":12,"column":70},"end":{"line":12,"column":73}},{"start":{"line":12,"column":76},"end":{"line":12,"column":94}}],"line":12},"1":{"loc":{"start":{"line":12,"column":46},"end":{"line":12,"column":67}},"type":"binary-expr","locations":[{"start":{"line":12,"column":46},"end":{"line":12,"column":49}},{"start":{"line":12,"column":53},"end":{"line":12,"column":67}}],"line":12},"2":{"loc":{"start":{"line":14,"column":24},"end":{"line":14,"column":328}},"type":"if","locations":[{"start":{"line":14,"column":24},"end":{"line":14,"column":328}},{"start":{"line":14,"column":24},"end":{"line":14,"column":328}}],"line":14},"3":{"loc":{"start":{"line":14,"column":28},"end":{"line":14,"column":95}},"type":"binary-expr","locations":[{"start":{"line":14,"column":28},"end":{"line":14,"column":56}},{"start":{"line":14,"column":60},"end":{"line":14,"column":95}}],"line":14},"4":{"loc":{"start":{"line":14,"column":205},"end":{"line":14,"column":322}},"type":"cond-expr","locations":[{"start":{"line":14,"column":301},"end":{"line":14,"column":309}},{"start":{"line":14,"column":312},"end":{"line":14,"column":322}}],"line":14},"5":{"loc":{"start":{"line":14,"column":205},"end":{"line":14,"column":298}},"type":"binary-expr","locations":[{"start":{"line":14,"column":205},"end":{"line":14,"column":208}},{"start":{"line":14,"column":212},"end":{"line":14,"column":240}},{"start":{"line":14,"column":244},"end":{"line":14,"column":270}},{"start":{"line":14,"column":274},"end":{"line":14,"column":298}}],"line":14},"6":{"loc":{"start":{"line":16,"column":50},"end":{"line":16,"column":151}},"type":"if","locations":[{"start":{"line":16,"column":50},"end":{"line":16,"column":151}},{"start":{"line":16,"column":50},"end":{"line":16,"column":151}}],"line":16},"7":{"loc":{"start":{"line":18,"column":136},"end":{"line":18,"column":166}},"type":"binary-expr","locations":[{"start":{"line":18,"column":136},"end":{"line":18,"column":157}},{"start":{"line":18,"column":161},"end":{"line":18,"column":166}}],"line":18},"8":{"loc":{"start":{"line":18,"column":200},"end":{"line":18,"column":254}},"type":"if","locations":[{"start":{"line":18,"column":200},"end":{"line":18,"column":254}},{"start":{"line":18,"column":200},"end":{"line
[...]
176}},"34":{"start":{"line":28,"column":126},"end":{"line":28,"column":173}},"35":{"start":{"line":28,"column":177},"end":{"line":28,"column":203}},"36":{"start":{"line":30,"column":43},"end":{"line":30,"column":182}},"37":{"start":{"line":30,"column":106},"end":{"line":30,"column":180}},"38":{"start":{"line":30,"column":183},"end":{"line":30,"column":328}},"39":{"start":{"line":30,"column":329},"end":{"line":30,"column":383}},"40":{"start":{"line":30,"column":345},"end":{"line":30,"column":383}},"41":{"start":{"line":32,"column":33},"end":{"line":32,"column":138}},"42":{"start":{"line":32,"column":109},"end":{"line":32,"column":125}},"43":{"start":{"line":32,"column":126},"end":{"line":32,"column":135}},"44":{"start":{"line":32,"column":139},"end":{"line":32,"column":168}},"45":{"start":{"line":36,"column":0},"end":{"line":93,"column":20}},"46":{"start":{"line":37,"column":2},"end":{"line":37,"column":32}},"47":{"start":{"line":42,"column":4},"end":{"line":42,"column":39}},"48":{"start":{"line":44,"column":4},"end":{"line":44,"column":86}},"49":{"start":{"line":45,"column":4},"end":{"line":45,"column":24}},"50":{"start":{"line":46,"column":4},"end":{"line":46,"column":46}},"51":{"start":{"line":47,"column":4},"end":{"line":47,"column":46}},"52":{"start":{"line":48,"column":4},"end":{"line":48,"column":17}},"53":{"start":{"line":51,"column":2},"end":{"line":90,"column":6}},"54":{"start":{"line":54,"column":20},"end":{"line":54,"column":32}},"55":{"start":{"line":55,"column":31},"end":{"line":55,"column":54}},"56":{"start":{"line":56,"column":22},"end":{"line":56,"column":36}},"57":{"start":{"line":57,"column":6},"end":{"line":61,"column":9}},"58":{"start":{"line":62,"column":28},"end":{"line":62,"column":53}},"59":{"start":{"line":63,"column":6},"end":{"line":63,"column":42}},"60":{"start":{"line":64,"column":6},"end":{"line":64,"column":47}},"61":{"start":{"line":69,"column":19},"end":{"line":69,"column":23}},"62":{"start":{"line":72,"column":6},"end":{"line":82,"column":9}},"63":{"start":{"line":73,"column":8},"end":{"line":81,"column":9}},"64":{"start":{"line":74,"column":10},"end":{"line":74,"column":38}},"65":{"start":{"line":76,"column":33},"end":{"line":76,"column":65}},"66":{"start":{"line":78,"column":10},"end":{"line":78,"column":54}},"67":{"start":{"line":80,"column":10},"end":{"line":80,"column":57}},"68":{"start":{"line":83,"column":6},"end":{"line":83,"column":31}},"69":{"start":{"line":88,"column":6},"end":{"line":88,"column":27}},"70":{"start":{"line":92,"column":2},"end":{"line":92,"column":21}},"71":{"start":{"line":95,"column":15},"end":{"line":95,"column":26}},"72":{"start":{"line":96,"column":0},"end":{"line":96,"column":30}}},"fnMap":{"0":{"name":"_interopRequireDefault","decl":{"start":{"line":14,"column":9},"end":{"line":14,"column":31}},"loc":{"start":{"line":14,"column":37},"end":{"line":14,"column":97}},"line":14},"1":{"name":"_typeof","decl":{"start":{"line":16,"column":9},"end":{"line":16,"column":16}},"loc":{"start":{"line":16,"column":22},"end":{"line":16,"column":351}},"line":16},"2":{"name":"_typeof","decl":{"start":{"line":16,"column":118},"end":{"line":16,"column":125}},"loc":{"start":{"line":16,"column":131},"end":{"line":16,"column":153}},"line":16},"3":{"name":"_typeof","decl":{"start":{"line":16,"column":183},"end":{"line":16,"column":190}},"loc":{"start":{"line":16,"column":196},"end":{"line":16,"column":325}},"line":16},"4":{"name":"_classCallCheck","decl":{"start":{"line":18,"column":9},"end":{"line":18,"column":24}},"loc":{"start":{"line":18,"column":48},"end":{"line":18,"column":153}},"line":18},"5":{"name":"_defineProperties","decl":{"start":{"line":20,"column":9},"end":{"line":20,"column":26}},"loc":{"start":{"line":20,"column":42},"end":{"line":20,"column":317}},"line":20},"6":{"name":"_createClass","decl":{"start":{"line":22,"column":9},"end":{"line":22,"column":21}},"loc":{"start":{"line":22,"column":60},"end":{"line":22,"column":215}},"line":22},"7":{"name":"_possibleConstructorReturn","decl":{"start":{"line":24,"column":9},"end":{"line":24,"column":35}},"loc":{"start":{"line":24,"column":48},"end":{"line":24,"column":177}},"line":24},"8":{"name":"_assertThisInitialized","decl":{"start":{"line":26,"column":9},"end":{"line":26,"column":31}},"loc":{"start":{"line":26,"column":38},"end":{"line":26,"column":166}},"line":26},"9":{"name":"_getPrototypeOf","decl":{"start":{"line":28,"column":9},"end":{"line":28,"column":24}},"loc":{"start":{"line":28,"column":28},"end":{"line":28,"column":205}},"line":28},"10":{"name":"_getPrototypeOf","decl":{"start":{"line":28,"column":105},"end":{"line":28,"column":120}},"loc":{"start":{"line":28,"column":124},"end":{"line":28,"column":175}},"line":28},"11":{"name":"_inherits","decl":{"start":{"line":30,"column":9},"end":{"line":30,"column":18}},"loc":{"start":{"line":30,"column":41},"end":{"line":30,"column":385}},"line":30},"12":{"name":"_setPrototypeOf","decl":{"start":{"line":32,"column":9},"end":{"line":32,"column":24}},"loc":{"start":{"line":32,"column":31},"end":{"line":32,"column":170}},"line":32},"13":{"name":"_setPrototypeOf","decl":{"start":{"line":32,"column":85},"end":{"line":32,"column":100}},"loc":{"start":{"line":32,"column":107},"end":{"line":32,"column":137}},"line":32},"14":{"name":"(anonymous_14)","decl":{"start":{"line":36,"column":0},"end":{"line":36,"column":1}},"loc":{"start":{"line":36,"column":17},"end":{"line":93,"column":1}},"line":36},"15":{"name":"RegularUser","decl":{"start":{"line":39,"column":11},"end":{"line":39,"column":22}},"loc":{"start":{"line":39,"column":25},"end":{"line":49,"column":3}},"line":39},"16":{"name":"addBooking","decl":{"start":{"line":53,"column":20},"end":{"line":53,"column":30}},"loc":{"start":{"line":53,"column":37},"end":{"line":65,"column":5}},"line":53},"17":{"name":"cancelBooking","decl":{"start":{"line":68,"column":20},"end":{"line":68,"column":33}},"loc":{"start":{"line":68,"column":46},"end":{"line":84,"column":5}},"line":68},"18":{"name":"(anonymous_18)","decl":{"start":{"line":72,"column":28},"end":{"line":72,"column":29}},"loc":{"start":{"line":72,"column":47},"end":{"line":82,"column":7}},"line":72},"19":{"name":"viewBookings","decl":{"start":{"line":87,"column":20},"end":{"line":87,"column":32}},"loc":{"start":{"line":87,"column":35},"end":{"line":89,"column":5}},"line":87}},"branchMap":{"0":{"loc":{"start":{"line":14,"column":46},"end":{"line":14,"column":94}},"type":"cond-expr","locations":[{"start":{"line":14,"column":70},"end":{"line":14,"column":73}},{"start":{"line":14,"column":76},"end":{"line":14,"column":94}}],"line":14},"1":{"loc":{"start":{"line":14,"column":46},"end":{"line":14,"column":67}},"type":"binary-expr","locations":[{"start":{"line":14,"column":46},"end":{"line":14,"column":49}},{"start":{"line":14,"column":53},"end":{"line":14,"column":67}}],"line":14},"2":{"loc":{"start":{"line":16,"column":24},"end":{"line":16,"column":328}},"type":"if","locations":[{"start":{"line":16,"column":24},"end":{"line":16,"column":328}},{"start":{"line":16,"column":24},"end":{"line":16,"column":328}}],"line":16},"3":{"loc":{"start":{"line":16,"column":28},"end":{"line":16,"column":95}},"type":"binary-expr","locations":[{"start":{"line":16,"column":28},"end":{"line":16,"column":56}},{"start":{"line":16,"column":60},"end":{"line":16,"column":95}}],"line":16},"4":{"loc":{"start":{"line":16,"column":205},"end":{"line":16,"column":322}},"type":"cond-expr","locations":[{"start":{"line":16,"column":301},"end":{"line":16,"column":309}},{"start":{"line":16,"column":312},"end":{"line":16,"column":322}}],"line":16},"5":{"loc":{"start":{"line":16,"column":205},"end":{"line":16,"column":298}},"type":"binary-expr","locations":[{"start":{"line":16,"column":205},"end":{"line":16,"column":208}},{"start":{"line":16,"column":212},"end":{"line":16,"column":240}},{"start":{"line":16,"column":244},"end":{"line":16,"column":270}},{"start":{"line":16,"column":274},"end":{"line":16,"column":298}}],"line":16},"6":{"loc":{"start":{"line":18,"column":50},"end":{"line":18,"column":151}},"type":"if","locations":[{"start":{"line":18,"column":50},"end":{"line":18,"column":151}},{"start":{"line":18,"column":50},"end":{"line":18,"column":151}}],"line":18},"7":{"loc":{"start":{"line":20,"column":136},"end":{"line":20,"column":166}},"type":"binary-expr","locations":[{"start":{"line":20,"column":136},"end":{"line":20,"column":157}},{"start":{"line":20,"column":161},"end":{"line":20,"column":166}}],"line":20},"8":{"loc":{"start":{"line":20,"column":200},"end":{"line":20,"column":254}},"type":"if","locations":[{"start":{"line":20,"column":200},"end":{"line":20,"column":254}},{"start":{"line":20,"column":200},"end":{"line":20,"column":254}}],"line":20},"9":{"loc":{"start":{"line":22,"column":62},"end":{"line":22,"column":131}},"type":"if","locations":[{"start":{"line":22,"column":62},"end":{"line":22,"column":131}},{"start":{"line":22,"column":62},"end":{"line":22,"column":131}}],"line":22},"10":{"loc":{"start":{"line":22,"column":132},"end":{"line":22,"column":193}},"type":"if","locations":[{"start":{"line":22,"column":132},"end":{"line":22,"column":193}},{"start":{"line":22,"column":132},"end":{"line":22,"column":193}}],"line":22},"11":{"loc":{"start":{"line":24,"column":50},"end":{"line":24,"column":138}},"type":"if","locations":[{"start":{"line":24,"column":50},"end":{"line":24,"column":138}},{"start":{"line":24,"column":50},"end":{"line":24,"column":138}}],"line":24},"12":{"loc":{"start":{"line":24,"column":54},"end":{"line":24,"column":120}},"type":"binary-expr","locations":[{"start":{"line":24,"column":54},"end":{"line":24,"column":58}},{"start":{"line":24,"column":63},"end":{"line":24,"column":89}},{"start":{"line":24,"column":93},"end":{"line":24,"column":119}}],"line":24},"13":{"loc":{"start":{"line":26,"column":40},"end":{"line":26,"column":151}},"type":"if","locations":[{"start":{"line":26,"column":40},"end":{"line":26,"column":151}},{"start":{"line":26,"column":40},"end":{"line":26,"column":151}}],"line":26},"14":{"loc":{"start":{"line":28,"column":48},"end":{"line":28,"column":175}},"type":"cond-expr","locations":[{"start":{"line":28,"column":72},"end":{"line":28,"column":93}},{"start":{"line":28,"column":96},"end":{"line":28,"column":175}}],"line":28},"15":{"loc":{"start":{"line":28,"column":133},"end":{"line":28,"column":172}},"type":"binary-expr","locations":[{"start":{"line":28,"column":133},"end":{"line":28,"column":144}},{"start":{"line":28,"column":148},"end":{"line":28,"column":172}}],"line":28},"16":{"loc":{"start":{"line":30,"column":43},"end":{"line":30,"column":182}},"type":"if","locations":[{"start":{"line":30,"column":43},"end":{"line":30,"column":182}},{"start":{"line":30,"column":43},"end":{"line":30,"column":182}}],"line":30},"17":{"loc":{"start":{"line":30,"column":47},"end":{"line":30,"column":102}},"type":"binary-expr","locations":[{"start":{"line":30,"column":47},"end":{"line":30,"column":79}},{"start":{"line":30,"column":83},"end":{"line":30,"column":102}}],"line":30},"18":{"loc":{"start":{"line":30,"column":218},"end":{"line":30,"column":252}},"type":"binary-expr","locations":[{"start":{"line":30,"column":218},"end":{"line":30,"column":228}},{"start":{"line":30,"column":232},"end":{"line":30,"column":252}}],"line":30},"19":{"loc":{"start":{"line":30,"column":329},"end":{"line":30,"column":383}},"type":"if","locations":[{"start":{"line":30,"column":329},"end":{"line":30,"column":383}},{"start":{"line":30,"column":329},"end":{"line":30,"column":383}}],"line":30},"20":{"loc":{"start":{"line":32,"column":51},"end":{"line":32,"column":137}},"type":"binary-expr","locations":[{"start":{"line":32,"column":51},"end":{"line":32,"column":72}},{"start":{"line":32,"column":76},"end":{"line":32,"column":137}}],"line":32},"21":{"loc":{"start":{"line":73,"column":8},"end":{"line":81,"column":9}},"type":"if","locations":[{"start":{"line":73,"column":8},"end":{"line":81,"column":9}},{"start":{"line":73,"column":8},"end":{"line":81,"column":9}}],"line":73}},"s":{"0":1,"1":1,"2":1,"3":1,"4":1,"5":3,"6":0,"7":0,"8":0,"9":0,"10":0,"11":0,"12":1,"13":0,"14":1,"15":1,"16":3,"17":3,"18":3,"19":3,"20":3,"21":3,"22":1,"23":1,"24":1,"25":0,"26":1,"27":1,"28":0,"29":1,"30":1,"31":0,"32":1,"33":1,"34":0,"35":1,"36":1,"37":0,"38":1,"39":1,"40":1,"41":1,"42":0,"43":0,"44":1,"45":1,"46":1,"47":1,"48":1,"49":1,"50":1,"51":1,"52":1,"53":1,"54":1,"55":1,"56":1,"57":1,"58":1,"59":1,"60":1,"61":1,"62":1,"63":1,"64":1,"65":1,"66":1,"67":1,"68":1,"69":0,"70":1,"71":1,"72":1},"f":{"0":3,"1":0,"2":0,"3":0,"4":1,"5":1,"6":1,"7":1,"8":1,"9":1,"10":0,"11":1,"12":1,"13":0,"14":1,"15":1,"16":1,"17":1,"18":1,"19":0},"b":{"0":[3,0],"1":[3,3],"2":[0,0],"3":[0,0],"4":[0,0],"5":[0,0,0,0],"6":[0,1],"7":[3,3],"8":[3,0],"9":[1,0],"10":[0,1],"11":[0,1],"12":[1,0,0],"13":[0,1],"14":[1,0],"15":[0,0],"16":[0,1],"17":[1,0],"18":[1,1],"19":[1,0],"20":[1,0],"21":[1,0]},"_coverageSchema":"43e27e138ebf9cfc5966b082cf9a028302ed4184","hash":"f523750d06a9a1ad48ae0a4ed1ceae800dd4be86","contentHash":"3b5274f8396c6457f53965bd335b6745b1ab501caead75730ac12c4452539ec0"},"C:\\Users\\T\\Documents\\Andela\\WayFarer\\WayFarer-v2\\server\\models\\Booking.js":{"path":"C:\\Users\\T\\Documents\\Andela\\WayFarer\\WayFarer-v2\\server\\models\\Booking.js","statementMap":{"0":{"start":{"line":3,"column":0},"end":{"line":5,"column":3}},"1":{"start":{"line":6,"column":0},"end":{"line":6,"column":28}},"2":{"start":{"line":8,"column":15},"end":{"line":8,"column":59}},"3":{"start":{"line":10,"column":39},"end":{"line":10,"column":95}},"4":{"start":{"line":12,"column":50},"end":{"line":12,"column":151}},"5":{"start":{"line":12,"column":92},"end":{"line":12,"column":149}},"6":{"start":{"line":14,"column":44},"end":{"line":14,"column":315}},"7":{"start":{"line":14,"column":57},"end":{"line":14,"column":58}},"8":{"start":{"line":14,"column":102},"end":{"line":14,"column":110}},"9":{"start":{"line":14,"column":112},"end":{"line":14,"column":167}},"10":{"start":{"line":14,"column":168},"end":{"line":14,"column":199}},"11":{"start":{"line":14,"column":200},"end":{"line":14,"column":254}},"12":{"start":{"line":14,"column":227},"end":{"line":14,"column":254}},"13":{"start":{"line":14,"column":255},"end":{"line":14,"column":313}},"14":{"start":{"line":16,"column":62},"end":{"line":16,"column":131}},"15":{"start":{"line":16,"column":78},"end":{"line":16,"column":131}},"16":{"start":{"line":16,"column":132},"end":{"line":16,"column":193}},"17":{"start":{"line":16,"column":149},"end":{"line":16,"column":193}},"18":{"start":{"line":16,"column":194},"end":{"line":16,"column":213}},"19":{"start":{"line":20,"column":0},"end":{"line":63,"column":3}},"20":{"start":{"line":22,"column":4},"end":{"line":22,"column":35}},"21":{"start":{"line":24,"column":4},"end":{"line":24,"column":24}},"22":{"start":{"line":25,"column":4},"end":{"line":25,"column":35}},"23":{"start":{"line":26,"column":4},"end":{"line":26,"column":21}},"24":{"start":{"line":27,"column":4},"end":{"line":27,"column":27}},"25":{"start":{"line":28,"column":4},"end":{"line":28,"column":26}},"26":{"start":{"line":29,"column":4},"end":{"line":29,"column":27}},"27":{"start":{"line":30,"column":4},"end":{"line":30,"column":45}},"28":{"start":{"line":33,"column":2},"end":{"line":60,"column":6}},"29":{"start":{"line":36,"column":6},"end":{"line":36,"column":37}},"30":{"start":{"line":37,"column":6},"end":{"line":37,"column":59}},"31":{"start":{"line":38,"column":6},"end":{"line":38,"column":31}},"32":{"start":{"line":39,"column":6},"end":{"line":39,"column":40}},"33":{"start":{"line":40,"column":6},"end":{"line":40,"column":38}},"34":{"start":{"line":41,"column":6},"end":{"line":41,"column":40}},"35":{"start":{"line":46,"column":6},"end":{"line":53,"column":8}},"36":{"start":{"line":58,"column":6},"end":{"line":58,"column":37}},"37":{"start":{"line":62,"column":2},"end":{"line":62,"column":17}},"38":{"start":{"line":65,"column":15},"end":{"line":65,"column":22}},"39":{"start":{"line":66,"column":0},"end":{"line":66,"column":30}}},"fnMap":{"0":{"name":"_interopRequireDefault","decl":{"start":{"line":10,"column":9},"end":{"line":10,"column":31}},"loc":{"start":{"line":10,"column":37},"end":{"line":10,"column":97}},"line":10},"1":{"name":"_classCallCheck","decl":{"start":{"line":12,"column":9},"end":{"line":12,"column":24}},"loc":{"start":{"line":12,"column":48},"end":{"line":12,"column":153}},"line":12},"2":{"name":"_defineProperties","decl":{"start":{"line":14,"column":9},"end":{"line":14,"column":26}},"loc":{"start":{"line":14,"column":42},"end":{"line":14,"column":317}},"line":14},"3":{"name":"_createClass","decl":{"start":{"line":16,"column":9},"end":{"line":16,"column":21}},"loc":{"start":{"line":16,"column":60},"end":{"line":16,"column":215}},"line":16},"4":{"name":"(anonymous_4)","decl":{"start":{"line":20,"column":0},"end":{"line":20,"column":1}},"loc":{"start":{"line":20,"column":12},"end":{"line":63,"column":1}},"line":20},"5":{"name":"Booking","decl":{"start":{"line":21,"column":11},"end":{"line":21,"column":18}},"loc":{"start":{"line":21,"column":21},"end":{"line":31,"column":3}},"line":21},"6":{"name":"setBooking","decl":{"start":{"line":35,"column":20},"end":{"line":35,"column":30}},"loc":{"start":{"line":35,"column":46},"end":{"line":42,"column":5}},"line":35},"7":{"name":"getBooking","decl":{"start":{"line":45,"column":20},"end":{"line":45,"column":30}},"loc":{"start":{"line":45,"column":33},"end":{"line":54,"column":5}},"line":45},"8":{"name":"createBooking","decl":{"start":{"line":57,"column":20},"end":{"line":57,"column":33}},"loc":{"start":{"line":57,"column":49},"end":{"line":59,"column":5}},"line":57}},"branchMap":{"0":{"loc":{"start":{"line":10,"column":46},"end":{"line":10,"column":94}},"type":"cond-expr","locations":[{"start":{"line":10,"column":70},"end":{"line":10,"column":73}},{"start":{"line":10,"column":76},"end":{"line":10,"column":94}}],"line":10},"1":{"loc":{"start":{"line":10,"column":46},"end":{"line":10,"column":67}},"type":"binary-expr","locations":[{"start":{"line":10,"column":46},"end":{"line":10,"column":49}},{"start":{"line":10,"column":53},"end":{"line":10,"column":67}}],"line":10},"2":{"loc":{"start":{"line":12,"column":50},"end":{"line":12,"column":151}},"type":"if","locations":[{"start":{"line":12,"column":50},"end":{"line":12,"column":151}},{"start":{"line":12,"column":50},"end":{"line":12,"column":151}}],"line":12},"3":{"loc":{"start":{"line":14,"column":136},"end":{"line":14,"column":166}},"type":"binary-expr","locations":[{"start":{"line":14,"column":136},"end":{"line":14,"column":157}},{"start":{"line":14,"column":161},"end":{"line":14,"column":166}}],"line":14},"4":{"loc":{"start":{"line":14,"column":200},"end":{"line":14,"column":254}},"type":"if","locations":[{"start":{"line":14,"column":200},"end":{"line":14,"column":254}},{"start":{"line":14,"column":200},"end":{"line":14,"column":254}}],"line":14},"5":{"loc":{"start":{"line":16,"column":62},"end":{"line":16,"column":131}},"type":"if","locations":[{"start":{"line":16,"column":62},"end":{"line":16,"column":131}},{"start":{"line":16,"column":62},"end":{"line":16,"column":131}}],"line":16},"6":{"loc":{"start":{"line":16,"column":132},"end":{"line":16,"column":193}},"type":"if","locations":[{"start":{"line":16,"column":132},"end":{"line":16,"column":193}},{"start":{"line":16,"column":132},"end":{"line":16,"column":193}}],"line":16}},"s":{"0":1,"1":1,"2":1,"3":1,"4":1,"5":0,"6":1,"7":1,"8":3,"9":3,"10":3,"11":3,"12":3,"13":3,"14":1,"15":1,"16":1,"17":0,"18":1,"19":1,"20":1,"21":1,"22":1,"23":1,"24":1,"25":1,"26":1,"27":1,"28":1,"29":1,"30":1,"31":1,"32":1,"33":1,"34":1,"35":3,"36":1,"37":1,"38":1,"39":1},"f":{"0":1,"1":1,"2":1,"3":1,"4":1,"5":1,"6":1,"7":3,"8":1},"b":{"0":[1,0],"1":[1,1],"2":[0,1],"3":[3,3],"4":[3,0],"5":[1,0],"6":[0,1]},"_coverageSchema":"43e27e138ebf9cfc5966b082cf9a028302ed4184","hash":"be0d3de93eb14a0b3580b9353a4999e86fb1d8bb","contentHash":"4bc1b545a866496dda6567230dfb8ca11a4bc7b128e28b93b6d5dd6f01cb6728"}}